{"level":"info","message":"API running on Development","timestamp":"2023-05-30 11:51:02"}
{"level":"info","message":"API listening port 4507","timestamp":"2023-05-30 11:51:02"}
{"level":"info","message":"API running on Development","timestamp":"2023-05-30 11:52:13"}
{"level":"info","message":"API listening port 4507","timestamp":"2023-05-30 11:52:13"}
{"level":"info","message":"API running on Development","timestamp":"2023-05-30 11:53:19"}
{"level":"info","message":"API listening port 4507","timestamp":"2023-05-30 11:53:19"}
{"level":"info","message":"API running on Development","timestamp":"2023-05-30 11:53:30"}
{"level":"info","message":"API listening port 4507","timestamp":"2023-05-30 11:53:30"}
{"level":"info","message":"API running on Development","timestamp":"2023-05-30 11:53:56"}
{"level":"info","message":"API listening port 4509","timestamp":"2023-05-30 11:53:56"}
{"level":"info","message":"API running on Development","timestamp":"2023-05-30 11:54:18"}
{"level":"info","message":"API listening port 4507","timestamp":"2023-05-30 11:54:18"}
{"level":"info","message":"API running on Development","timestamp":"2023-05-30 12:30:36"}
{"level":"info","message":"API listening port 4507","timestamp":"2023-05-30 12:30:36"}
{"level":"info","message":"API running on Development","timestamp":"2023-05-30 12:31:32"}
{"level":"info","message":"API listening port 4507","timestamp":"2023-05-30 12:31:32"}
{"level":"info","message":"API running on Development","timestamp":"2023-05-30 12:31:57"}
{"level":"info","message":"API listening port 4507","timestamp":"2023-05-30 12:31:57"}
{"level":"info","message":"API running on Development","timestamp":"2023-05-30 12:46:00"}
{"level":"info","message":"API listening port 4507","timestamp":"2023-05-30 12:46:00"}
{"body":"","level":"info","message":"Passed","method":"GET","params":{},"query":{},"timestamp":"2023-05-30 12:46:01","url":"/api/image/upload"}
{"body":"","level":"info","message":"Passed","method":"GET","params":{},"query":{},"timestamp":"2023-05-30 12:46:09","url":"/api/image/upload"}
{"level":"info","message":"API running on Development","timestamp":"2023-05-30 12:46:23"}
{"level":"info","message":"API listening port 4507","timestamp":"2023-05-30 12:46:23"}
{"body":"","level":"info","message":"Passed","method":"GET","params":{},"query":{},"timestamp":"2023-05-30 12:46:25","url":"/api/image/upload"}
{"body":"","level":"info","message":"Passed","method":"GET","params":{},"query":{},"timestamp":"2023-05-30 12:46:30","url":"/api/image/upload"}
{"level":"info","message":"API running on Development","timestamp":"2023-05-30 12:46:40"}
{"level":"info","message":"API listening port 4507","timestamp":"2023-05-30 12:46:40"}
{"body":"","level":"info","message":"Passed","method":"GET","params":{},"query":{},"timestamp":"2023-05-30 12:47:52","url":"/api/image/upLoad"}
{"level":"info","message":"API running on Development","timestamp":"2023-05-30 12:49:12"}
{"level":"info","message":"API listening port 4507","timestamp":"2023-05-30 12:49:12"}
{"level":"info","message":"API running on Development","timestamp":"2023-05-30 12:51:37"}
{"level":"info","message":"API listening port 4507","timestamp":"2023-05-30 12:51:37"}
{"level":"info","message":"API running on Development","timestamp":"2023-05-30 13:06:59"}
{"level":"info","message":"API listening port 4507","timestamp":"2023-05-30 13:06:59"}
{"level":"info","message":"API running on Development","timestamp":"2023-05-30 13:09:22"}
{"level":"info","message":"API listening port 4507","timestamp":"2023-05-30 13:09:22"}
{"level":"info","message":"API running on Development","timestamp":"2023-05-30 13:09:35"}
{"level":"info","message":"API listening port 4507","timestamp":"2023-05-30 13:09:35"}
{"level":"info","message":"API running on Development","timestamp":"2023-05-30 13:11:37"}
{"level":"info","message":"API listening port 4507","timestamp":"2023-05-30 13:11:37"}
{"level":"info","message":"API running on Development","timestamp":"2023-05-30 13:13:08"}
{"level":"info","message":"API listening port 4507","timestamp":"2023-05-30 13:13:08"}
{"body":"","level":"info","message":"Passed","method":"GET","params":{},"query":{},"timestamp":"2023-05-30 13:13:50","url":"/api/image/upLoad"}
{"level":"info","message":"API running on Development","timestamp":"2023-05-30 13:14:12"}
{"level":"info","message":"API listening port 4507","timestamp":"2023-05-30 13:14:12"}
{"level":"info","message":"API running on Development","timestamp":"2023-05-30 13:14:20"}
{"level":"info","message":"API listening port 4507","timestamp":"2023-05-30 13:14:20"}
{"body":"","level":"info","message":"Passed","method":"GET","params":{},"query":{},"timestamp":"2023-05-30 13:14:24","url":"/api/image/upLoad"}
{"level":"info","message":"API running on Development","timestamp":"2023-05-30 13:14:33"}
{"level":"info","message":"API listening port 4507","timestamp":"2023-05-30 13:14:33"}
{"body":"","level":"info","message":"Passed","method":"GET","params":{},"query":{},"timestamp":"2023-05-30 13:14:37","url":"/api/image/upLoad"}
{"level":"info","message":"API running on Development","timestamp":"2023-05-30 13:54:34"}
{"level":"info","message":"API listening port 4507","timestamp":"2023-05-30 13:54:34"}
{"body":"","level":"info","message":"Passed","method":"GET","params":{},"query":{},"timestamp":"2023-05-30 13:54:42","url":"/api/image/upload"}
{"level":"info","message":"API running on Development","timestamp":"2023-05-30 13:55:10"}
{"level":"info","message":"API listening port 4507","timestamp":"2023-05-30 13:55:10"}
{"body":"","level":"info","message":"Passed","method":"GET","params":{},"query":{},"timestamp":"2023-05-30 13:55:11","url":"/api/image/upload"}
{"level":"info","message":"API running on Development","timestamp":"2023-05-30 13:55:21"}
{"level":"info","message":"API listening port 4507","timestamp":"2023-05-30 13:55:21"}
{"body":"","level":"info","message":"Passed","method":"GET","params":{},"query":{},"timestamp":"2023-05-30 13:55:24","url":"/api/image/upload"}
{"level":"info","message":"API running on Development","timestamp":"2023-05-30 13:57:47"}
{"level":"info","message":"API listening port 4507","timestamp":"2023-05-30 13:57:47"}
{"level":"info","message":"API running on Development","timestamp":"2023-05-30 13:57:52"}
{"level":"info","message":"API listening port 4507","timestamp":"2023-05-30 13:57:52"}
{"body":"","level":"info","message":"Passed","method":"GET","params":{},"query":{},"timestamp":"2023-05-30 13:57:54","url":"/api/image/upload"}
{"level":"info","message":"API running on Development","timestamp":"2023-05-30 13:58:17"}
{"level":"info","message":"API listening port 4507","timestamp":"2023-05-30 13:58:17"}
{"body":"","level":"info","message":"Passed","method":"GET","params":{},"query":{},"timestamp":"2023-05-30 13:58:19","url":"/api/image/upload"}
{"level":"info","message":"API running on Development","timestamp":"2023-05-30 14:20:04"}
{"level":"info","message":"API listening port 4507","timestamp":"2023-05-30 14:20:04"}
{"level":"info","message":"API running on Development","timestamp":"2023-05-30 14:20:13"}
{"level":"info","message":"API listening port 4507","timestamp":"2023-05-30 14:20:13"}
{"body":"","level":"info","message":"Passed","method":"GET","params":{},"query":{},"timestamp":"2023-05-30 14:20:21","url":"/api/image/upload"}
{"level":"info","message":"API running on Development","timestamp":"2023-05-30 14:20:51"}
{"level":"info","message":"API listening port 4507","timestamp":"2023-05-30 14:20:51"}
{"level":"info","message":"API running on Development","timestamp":"2023-05-30 14:21:07"}
{"level":"info","message":"API listening port 4507","timestamp":"2023-05-30 14:21:07"}
{"body":"","level":"info","message":"Passed","method":"GET","params":{},"query":{},"timestamp":"2023-05-30 14:21:54","url":"/api/image/upLoad"}
{"level":"info","message":"API running on Development","timestamp":"2023-05-30 14:22:06"}
{"level":"info","message":"API listening port 4507","timestamp":"2023-05-30 14:22:06"}
{"body":"","level":"info","message":"Passed","method":"GET","params":{},"query":{},"timestamp":"2023-05-30 14:22:06","url":"/api/image/upLoad"}
{"level":"info","message":"API running on Development","timestamp":"2023-05-30 14:22:13"}
{"level":"info","message":"API listening port 4507","timestamp":"2023-05-30 14:22:13"}
{"body":"","level":"info","message":"Passed","method":"GET","params":{},"query":{},"timestamp":"2023-05-30 14:22:17","url":"/api/image/upLoad"}
{"level":"info","message":"API running on Development","timestamp":"2023-05-30 14:27:52"}
{"level":"info","message":"API listening port 4507","timestamp":"2023-05-30 14:27:52"}
{"body":"","level":"info","message":"Passed","method":"GET","params":{},"query":{},"timestamp":"2023-05-30 14:27:55","url":"/api/image/upLoad"}
{"level":"info","message":"API running on Development","timestamp":"2023-05-30 14:28:04"}
{"level":"info","message":"API listening port 4507","timestamp":"2023-05-30 14:28:04"}
{"body":"","level":"info","message":"Passed","method":"GET","params":{},"query":{},"timestamp":"2023-05-30 14:29:01","url":"/api/image/upLoad"}
{"body":"","level":"error","message":"Unauthorized access","method":"GET","params":{},"query":{},"timestamp":"2023-05-30 14:29:12","url":"/api/image/upLoad"}
{"level":"info","message":"API running on Development","timestamp":"2023-05-30 14:29:29"}
{"level":"info","message":"API listening port 4507","timestamp":"2023-05-30 14:29:29"}
{"body":"","level":"info","message":"Passed","method":"GET","params":{},"query":{},"timestamp":"2023-05-30 14:29:40","url":"/api/image/upLoad"}
{"level":"info","message":"API running on Development","timestamp":"2023-05-30 14:31:54"}
{"level":"info","message":"API listening port 4507","timestamp":"2023-05-30 14:31:54"}
{"level":"info","message":"API running on Development","timestamp":"2023-05-30 14:32:13"}
{"level":"info","message":"API listening port 4507","timestamp":"2023-05-30 14:32:13"}
{"level":"info","message":"API running on Development","timestamp":"2023-05-30 14:41:57"}
{"level":"info","message":"API listening port 4507","timestamp":"2023-05-30 14:41:57"}
{"body":{},"level":"info","message":"Passed","method":"POST","params":"","query":"","timestamp":"2023-05-30 14:42:07","url":"/api/image/upLoad"}
{"body":{},"level":"info","message":"Passed","method":"POST","params":"","query":"","timestamp":"2023-05-30 14:51:02","url":"/api/image/upLoad"}
{"body":{},"level":"info","message":"Passed","method":"POST","params":"","query":"","timestamp":"2023-05-30 14:52:05","url":"/api/image/upLoad"}
{"body":{},"level":"info","message":"Passed","method":"POST","params":"","query":"","timestamp":"2023-05-30 14:52:34","url":"/api/image/upLoad"}
{"body":{"image":"null"},"level":"info","message":"Passed","method":"POST","params":"","query":"","timestamp":"2023-05-30 14:55:41","url":"/api/image/upLoad"}
{"body":{},"level":"info","message":"Passed","method":"POST","params":"","query":"","timestamp":"2023-05-30 14:58:02","url":"/api/image/upLoad"}
{"body":{"image":"null"},"level":"info","message":"Passed","method":"POST","params":"","query":"","timestamp":"2023-05-30 15:00:06","url":"/api/image/upLoad"}
{"body":{"image":"null"},"level":"info","message":"Passed","method":"POST","params":"","query":"","timestamp":"2023-05-30 15:01:57","url":"/api/image/upLoad"}
{"body":{"image":"null"},"level":"info","message":"Passed","method":"POST","params":"","query":"","timestamp":"2023-05-30 15:02:36","url":"/api/image/upLoad"}
{"body":{"image":"null"},"level":"info","message":"Passed","method":"POST","params":"","query":"","timestamp":"2023-05-30 15:12:03","url":"/api/image/upLoad"}
{"body":{},"level":"info","message":"Passed","method":"POST","params":"","query":"","timestamp":"2023-05-30 15:12:31","url":"/api/image/upLoad"}
{"body":{},"level":"info","message":"Passed","method":"POST","params":"","query":"","timestamp":"2023-05-30 15:12:38","url":"/api/image/upLoad"}
{"body":{},"level":"info","message":"Passed","method":"POST","params":"","query":"","timestamp":"2023-05-30 15:12:42","url":"/api/image/upLoad"}
{"body":{},"level":"info","message":"Passed","method":"POST","params":"","query":"","timestamp":"2023-05-30 15:13:04","url":"/api/image/upLoad"}
{"body":{},"level":"info","message":"Passed","method":"POST","params":"","query":"","timestamp":"2023-05-30 15:13:09","url":"/api/image/upLoad"}
{"body":{},"level":"info","message":"Passed","method":"POST","params":"","query":"","timestamp":"2023-05-30 15:14:03","url":"/api/image/upLoad"}
{"body":{},"level":"info","message":"Passed","method":"POST","params":"","query":"","timestamp":"2023-05-30 15:18:07","url":"/api/image/upLoad"}
{"body":{},"level":"info","message":"Passed","method":"POST","params":"","query":"","timestamp":"2023-05-30 15:19:19","url":"/api/image/upLoad"}
{"body":{"image":"[object FileList]"},"level":"info","message":"Passed","method":"POST","params":"","query":"","timestamp":"2023-05-30 15:19:23","url":"/api/image/upLoad"}
