{"level":"info","message":"API running on Development","timestamp":"2023-05-30 16:02:24"}
{"level":"info","message":"API listening port 4507","timestamp":"2023-05-30 16:02:24"}
{"level":"info","message":"API running on Development","timestamp":"2023-05-30 16:15:32"}
{"level":"info","message":"API listening port 4507","timestamp":"2023-05-30 16:15:32"}
{"level":"info","message":"API running on Development","timestamp":"2023-05-30 16:49:02"}
{"level":"info","message":"API listening port 4507","timestamp":"2023-05-30 16:49:02"}
{"level":"info","message":"API running on Development","timestamp":"2023-05-30 16:49:30"}
{"level":"info","message":"API listening port 4507","timestamp":"2023-05-30 16:49:30"}
{"level":"info","message":"API running on Development","timestamp":"2023-05-30 16:49:37"}
{"level":"info","message":"API listening port 4507","timestamp":"2023-05-30 16:49:37"}
{"level":"info","message":"API running on Development","timestamp":"2023-05-30 17:34:41"}
{"level":"info","message":"API listening port 4507","timestamp":"2023-05-30 17:34:41"}
{"body":{},"level":"info","message":"Passed","method":"POST","params":"","query":"","timestamp":"2023-05-30 17:38:08","url":"/api/image/upLoad"}
{"body":{"image":"[object FileList]"},"level":"info","message":"Passed","method":"POST","params":"","query":"","timestamp":"2023-05-30 17:38:14","url":"/api/image/upLoad"}
{"body":{"image":"[object FileList]"},"level":"info","message":"Passed","method":"POST","params":"","query":"","timestamp":"2023-05-30 17:39:04","url":"/api/image/upLoad"}
{"body":{"image":"[object FileList]"},"level":"info","message":"Passed","method":"POST","params":"","query":"","timestamp":"2023-05-30 17:39:09","url":"/api/image/upLoad"}
{"level":"info","message":"API running on Development","timestamp":"2023-05-30 17:40:01"}
{"level":"info","message":"API listening port 4507","timestamp":"2023-05-30 17:40:01"}
{"body":{"image":"[object FileList]"},"level":"info","message":"Passed","method":"POST","params":"","query":"","timestamp":"2023-05-30 17:40:07","url":"/api/image/upLoad"}
{"body":{"image":"[object FileList]"},"level":"info","message":"Passed","method":"POST","params":"","query":"","timestamp":"2023-05-30 17:40:56","url":"/api/image/upLoad"}
{"level":"info","message":"API running on Development","timestamp":"2023-05-30 17:41:59"}
{"level":"info","message":"API listening port 4507","timestamp":"2023-05-30 17:41:59"}
{"body":{"image":"[object FileList]"},"level":"info","message":"Passed","method":"POST","params":"","query":"","timestamp":"2023-05-30 17:46:18","url":"/api/image/upLoad"}
{"body":{"image":"[object FileList]"},"level":"info","message":"Passed","method":"POST","params":"","query":"","timestamp":"2023-05-30 17:47:17","url":"/api/image/upLoad"}
{"body":{},"level":"info","message":"Passed","method":"POST","params":"","query":"","timestamp":"2023-05-30 17:47:23","url":"/api/image/upLoad"}
{"body":{},"level":"info","message":"Passed","method":"POST","params":"","query":"","timestamp":"2023-05-30 17:47:29","url":"/api/image/upLoad"}
{"body":{},"level":"info","message":"Passed","method":"POST","params":"","query":"","timestamp":"2023-05-30 17:47:34","url":"/api/image/upLoad"}
{"body":{},"level":"info","message":"Passed","method":"POST","params":"","query":"","timestamp":"2023-05-30 17:47:44","url":"/api/image/upLoad"}
{"body":{},"level":"info","message":"Passed","method":"POST","params":"","query":"","timestamp":"2023-05-30 17:53:04","url":"/api/image/upLoad"}
{"body":{},"level":"info","message":"Passed","method":"POST","params":"","query":"","timestamp":"2023-05-30 17:53:07","url":"/api/image/upLoad"}
{"body":{},"level":"info","message":"Passed","method":"POST","params":"","query":"","timestamp":"2023-05-30 17:53:09","url":"/api/image/upLoad"}
{"body":{},"level":"info","message":"Passed","method":"POST","params":"","query":"","timestamp":"2023-05-30 17:53:10","url":"/api/image/upLoad"}
{"body":{},"level":"info","message":"Passed","method":"POST","params":"","query":"","timestamp":"2023-05-30 17:53:12","url":"/api/image/upLoad"}
{"level":"info","message":"API running on Development","timestamp":"2023-05-30 17:56:07"}
{"level":"info","message":"API listening port 4507","timestamp":"2023-05-30 17:56:07"}
{"body":"","level":"info","message":"Passed","method":"GET","params":{},"query":{},"timestamp":"2023-05-30 17:56:08","url":"/api/image/LoadImage"}
{"body":"","level":"info","message":"Passed","method":"GET","params":{},"query":{},"timestamp":"2023-05-30 17:56:09","url":"/api/image/LoadImage"}
{"level":"info","message":"API running on Development","timestamp":"2023-05-30 17:56:22"}
{"level":"info","message":"API listening port 4507","timestamp":"2023-05-30 17:56:22"}
{"level":"info","message":"API running on Development","timestamp":"2023-05-30 17:56:52"}
{"level":"info","message":"API listening port 4507","timestamp":"2023-05-30 17:56:52"}
{"body":"","level":"info","message":"Passed","method":"GET","params":{},"query":{},"timestamp":"2023-05-30 17:56:56","url":"/api/image/loadImage"}
{"body":"","level":"info","message":"Passed","method":"GET","params":{},"query":{},"timestamp":"2023-05-30 17:56:57","url":"/api/image/loadImage"}
{"body":"","level":"info","message":"Passed","method":"GET","params":{},"query":{},"timestamp":"2023-05-30 17:57:09","url":"/api/image/loadImage"}
{"level":"info","message":"API running on Development","timestamp":"2023-05-30 17:57:19"}
{"level":"info","message":"API listening port 4507","timestamp":"2023-05-30 17:57:19"}
{"body":"","level":"info","message":"Passed","method":"GET","params":{},"query":{},"timestamp":"2023-05-30 17:57:20","url":"/api/image/loadImage"}
{"level":"info","message":"API running on Development","timestamp":"2023-05-30 18:00:29"}
{"level":"info","message":"API listening port 4507","timestamp":"2023-05-30 18:00:29"}
{"body":"","level":"info","message":"Passed","method":"GET","params":{},"query":{},"timestamp":"2023-05-30 18:00:32","url":"/api/image/loadImage"}
{"body":"","level":"info","message":"Passed","method":"GET","params":{},"query":{},"timestamp":"2023-05-30 18:00:34","url":"/api/image/loadImage"}
{"level":"info","message":"API running on Development","timestamp":"2023-05-30 18:00:42"}
{"level":"info","message":"API listening port 4507","timestamp":"2023-05-30 18:00:42"}
{"body":"","level":"info","message":"Passed","method":"GET","params":{},"query":{},"timestamp":"2023-05-30 18:00:42","url":"/api/image/loadImage"}
{"body":"","level":"info","message":"Passed","method":"GET","params":{},"query":{},"timestamp":"2023-05-30 18:01:01","url":"/api/image/loadImage"}
{"level":"info","message":"API running on Development","timestamp":"2023-05-30 18:14:34"}
{"level":"info","message":"API listening port 4507","timestamp":"2023-05-30 18:14:34"}
{"body":"","level":"info","message":"Passed","method":"GET","params":{},"query":{},"timestamp":"2023-05-30 18:14:41","url":"/api/image/loadImage"}
{"level":"info","message":"API running on Development","timestamp":"2023-05-30 18:15:44"}
{"level":"info","message":"API listening port 4507","timestamp":"2023-05-30 18:15:44"}
{"body":"","level":"info","message":"Passed","method":"GET","params":{},"query":{},"timestamp":"2023-05-30 18:15:53","url":"/api/image/loadImage"}
{"level":"info","message":"API running on Development","timestamp":"2023-05-30 18:16:57"}
{"level":"info","message":"API listening port 4507","timestamp":"2023-05-30 18:16:57"}
{"body":"","level":"info","message":"Passed","method":"GET","params":{},"query":{},"timestamp":"2023-05-30 18:17:02","url":"/api/image/loadImage"}
{"level":"info","message":"API running on Development","timestamp":"2023-05-30 18:17:21"}
{"level":"info","message":"API listening port 4507","timestamp":"2023-05-30 18:17:21"}
{"body":"","level":"info","message":"Passed","method":"GET","params":{},"query":{},"timestamp":"2023-05-30 18:17:24","url":"/api/image/loadImage"}
{"level":"info","message":"API running on Development","timestamp":"2023-05-30 18:17:40"}
{"level":"info","message":"API listening port 4507","timestamp":"2023-05-30 18:17:40"}
{"body":"","level":"info","message":"Passed","method":"GET","params":{},"query":{},"timestamp":"2023-05-30 18:17:44","url":"/api/image/loadImage"}
{"level":"info","message":"API running on Development","timestamp":"2023-05-30 18:18:16"}
{"level":"info","message":"API listening port 4507","timestamp":"2023-05-30 18:18:16"}
{"level":"info","message":"API running on Development","timestamp":"2023-05-30 18:18:18"}
{"level":"info","message":"API listening port 4507","timestamp":"2023-05-30 18:18:18"}
{"body":"","level":"info","message":"Passed","method":"GET","params":{},"query":{},"timestamp":"2023-05-30 18:18:19","url":"/api/image/loadImage"}
{"body":{},"level":"info","message":"Passed","method":"POST","params":"","query":"","timestamp":"2023-05-30 18:28:08","url":"/api/image/upLoad"}
{"body":{},"level":"info","message":"Passed","method":"POST","params":"","query":"","timestamp":"2023-05-30 18:28:10","url":"/api/image/upLoad"}
{"body":{},"level":"info","message":"Passed","method":"POST","params":"","query":"","timestamp":"2023-05-30 18:28:11","url":"/api/image/upLoad"}
{"body":{},"level":"info","message":"Passed","method":"POST","params":"","query":"","timestamp":"2023-05-30 18:28:13","url":"/api/image/upLoad"}
{"body":"","level":"info","message":"Passed","method":"GET","params":{},"query":{},"timestamp":"2023-05-30 18:29:09","url":"/api/image/loadImage"}
{"body":"","level":"info","message":"Passed","method":"GET","params":{},"query":{},"timestamp":"2023-05-30 18:29:12","url":"/api/image/loadImage"}
{"body":"","level":"info","message":"Passed","method":"GET","params":{},"query":{},"timestamp":"2023-05-30 18:29:13","url":"/api/image/loadImage"}
{"body":"","level":"info","message":"Passed","method":"GET","params":{},"query":{},"timestamp":"2023-05-30 18:29:14","url":"/api/image/loadImage"}
{"body":{},"level":"info","message":"Passed","method":"POST","params":"","query":"","timestamp":"2023-05-30 22:44:07","url":"/api/image/upLoad"}
{"body":{},"level":"info","message":"Passed","method":"POST","params":"","query":"","timestamp":"2023-05-30 22:49:30","url":"/api/image/upLoad"}
{"level":"info","message":"API running on Development","timestamp":"2023-05-30 22:49:54"}
{"level":"info","message":"API listening port 4507","timestamp":"2023-05-30 22:49:54"}
{"level":"info","message":"API running on Development","timestamp":"2023-05-30 22:50:24"}
{"level":"info","message":"API listening port 4507","timestamp":"2023-05-30 22:50:24"}
{"body":"","level":"info","message":"Passed","method":"GET","params":{},"query":{},"timestamp":"2023-05-30 22:50:52","url":"/api/image/loadImage"}
{"level":"info","message":"API running on Development","timestamp":"2023-05-30 22:52:42"}
{"level":"info","message":"API listening port 4507","timestamp":"2023-05-30 22:52:42"}
{"body":"","level":"info","message":"Passed","method":"GET","params":{},"query":{},"timestamp":"2023-05-30 22:52:44","url":"/api/image/loadImage"}
{"body":"","level":"error","message":"Unauthorized access","method":"GET","params":{},"query":{},"timestamp":"2023-05-30 22:54:06","url":"/api/image/LoadImage"}
{"body":"","level":"info","message":"Passed","method":"GET","params":{},"query":{},"timestamp":"2023-05-30 22:54:23","url":"/api/image/loadImage"}
{"body":{},"level":"info","message":"Passed","method":"POST","params":"","query":"","timestamp":"2023-05-30 23:03:31","url":"/api/image/upLoad"}
{"body":{},"level":"info","message":"Passed","method":"POST","params":"","query":"","timestamp":"2023-05-30 23:04:34","url":"/api/image/upLoad"}
{"body":{},"level":"info","message":"Passed","method":"POST","params":"","query":"","timestamp":"2023-05-30 23:08:02","url":"/api/image/upLoad"}
{"body":"","level":"info","message":"Passed","method":"GET","params":{},"query":{},"timestamp":"2023-05-30 23:08:28","url":"/api/image/loadImage"}
{"body":"","level":"info","message":"Passed","method":"GET","params":{},"query":{},"timestamp":"2023-05-30 23:08:28","url":"/api/image/loadImage"}
{"body":"","level":"info","message":"Passed","method":"GET","params":{},"query":{},"timestamp":"2023-05-30 23:09:01","url":"/api/image/loadImage"}
{"body":"","level":"info","message":"Passed","method":"GET","params":{},"query":{},"timestamp":"2023-05-30 23:09:36","url":"/api/image/loadImage"}
{"body":"","level":"info","message":"Passed","method":"GET","params":{},"query":{},"timestamp":"2023-05-30 23:11:05","url":"/api/image/loadImage"}
{"body":"","level":"info","message":"Passed","method":"GET","params":{},"query":{},"timestamp":"2023-05-30 23:11:05","url":"/api/image/loadImage"}
{"level":"info","message":"API running on Development","timestamp":"2023-05-30 23:12:22"}
{"level":"info","message":"API listening port 4507","timestamp":"2023-05-30 23:12:22"}
{"body":"","level":"info","message":"Passed","method":"GET","params":{},"query":{},"timestamp":"2023-05-30 23:12:23","url":"/api/image/loadImage"}
{"body":"","level":"info","message":"Passed","method":"GET","params":{},"query":{},"timestamp":"2023-05-30 23:12:23","url":"/api/image/loadImage"}
{"body":"","level":"info","message":"Passed","method":"GET","params":{},"query":{},"timestamp":"2023-05-30 23:14:54","url":"/api/image/loadImage"}
{"body":"","level":"info","message":"Passed","method":"GET","params":{},"query":{},"timestamp":"2023-05-30 23:14:54","url":"/api/image/loadImage"}
{"body":{},"level":"info","message":"Passed","method":"POST","params":"","query":"","timestamp":"2023-05-30 23:14:59","url":"/api/image/upLoad"}
{"body":{},"level":"info","message":"Passed","method":"POST","params":"","query":"","timestamp":"2023-05-30 23:15:03","url":"/api/image/upLoad"}
{"body":"","level":"info","message":"Passed","method":"GET","params":{},"query":{},"timestamp":"2023-05-30 23:15:06","url":"/api/image/loadImage"}
{"body":"","level":"info","message":"Passed","method":"GET","params":{},"query":{},"timestamp":"2023-05-30 23:15:06","url":"/api/image/loadImage"}
{"level":"info","message":"API running on Development","timestamp":"2023-05-30 23:18:18"}
{"level":"info","message":"API listening port 4507","timestamp":"2023-05-30 23:18:18"}
{"body":"","level":"info","message":"Passed","method":"GET","params":{},"query":{},"timestamp":"2023-05-30 23:18:20","url":"/api/image/loadImage"}
{"body":"","level":"info","message":"Passed","method":"GET","params":{},"query":{},"timestamp":"2023-05-30 23:18:20","url":"/api/image/loadImage"}
{"level":"info","message":"API running on Development","timestamp":"2023-05-30 23:19:52"}
{"level":"info","message":"API listening port 4507","timestamp":"2023-05-30 23:19:52"}
{"level":"info","message":"API running on Development","timestamp":"2023-05-30 23:23:25"}
{"level":"info","message":"API listening port 4507","timestamp":"2023-05-30 23:23:25"}
{"body":"","level":"info","message":"Passed","method":"GET","params":{},"query":{},"timestamp":"2023-05-30 23:24:53","url":"/api/image/loadImage"}
{"body":"","level":"info","message":"Passed","method":"GET","params":{},"query":{},"timestamp":"2023-05-30 23:25:08","url":"/api/image/loadImage"}
{"body":"","level":"info","message":"Passed","method":"GET","params":{},"query":{},"timestamp":"2023-05-30 23:25:25","url":"/api/image/loadImage"}
{"body":"","level":"info","message":"Passed","method":"GET","params":{},"query":{},"timestamp":"2023-05-30 23:29:56","url":"/api/image/loadImage"}
{"body":"","level":"info","message":"Passed","method":"GET","params":{},"query":{},"timestamp":"2023-05-30 23:29:56","url":"/api/image/loadImage"}
{"level":"info","message":"API running on Development","timestamp":"2023-05-30 23:30:15"}
{"level":"info","message":"API listening port 4507","timestamp":"2023-05-30 23:30:15"}
{"body":"","level":"info","message":"Passed","method":"GET","params":{},"query":{},"timestamp":"2023-05-30 23:35:24","url":"/api/image/loadImage"}
{"body":"","level":"info","message":"Passed","method":"GET","params":{},"query":{},"timestamp":"2023-05-30 23:35:24","url":"/api/image/loadImage"}
{"body":[{"id":0,"imgUrl":"C:\\Users\\setup\\OneDrive\\Escritorio\\trabajo\\proyecto publicidad\\elparron-publicity\\input/1.jpg"},{"id":1,"imgUrl":"C:\\Users\\setup\\OneDrive\\Escritorio\\trabajo\\proyecto publicidad\\elparron-publicity\\input/5.jpg"},{"id":2,"imgUrl":"C:\\Users\\setup\\OneDrive\\Escritorio\\trabajo\\proyecto publicidad\\elparron-publicity\\input/6.jpg"},{"id":3,"imgUrl":"C:\\Users\\setup\\OneDrive\\Escritorio\\trabajo\\proyecto publicidad\\elparron-publicity\\input/8.jpg"}],"level":"info","message":"Passed","method":"POST","params":"","query":"","timestamp":"2023-05-30 23:35:25","url":"/api/image/updateImage"}
{"level":"info","message":"API running on Development","timestamp":"2023-05-30 23:39:05"}
{"level":"info","message":"API listening port 4507","timestamp":"2023-05-30 23:39:05"}
{"body":"","level":"info","message":"Passed","method":"GET","params":{},"query":{},"timestamp":"2023-05-30 23:56:13","url":"/api/image/loadImage"}
{"body":"","level":"info","message":"Passed","method":"GET","params":{},"query":{},"timestamp":"2023-05-30 23:56:13","url":"/api/image/loadImage"}
{"body":{},"level":"info","message":"Passed","method":"POST","params":"","query":"","timestamp":"2023-05-30 23:56:37","url":"/api/image/upLoad"}
{"body":{},"level":"info","message":"Passed","method":"POST","params":"","query":"","timestamp":"2023-05-30 23:56:47","url":"/api/image/upLoad"}
{"level":"info","message":"API running on Development","timestamp":"2023-05-30 23:57:20"}
{"level":"info","message":"API listening port 4507","timestamp":"2023-05-30 23:57:20"}
{"body":"","level":"info","message":"Passed","method":"GET","params":{},"query":{},"timestamp":"2023-05-30 23:57:57","url":"/api/image/loadImage"}
{"body":"","level":"info","message":"Passed","method":"GET","params":{},"query":{},"timestamp":"2023-05-30 23:57:57","url":"/api/image/loadImage"}
{"body":"","level":"info","message":"Passed","method":"GET","params":{},"query":{},"timestamp":"2023-05-30 23:58:15","url":"/api/image/loadImage"}
{"body":"","level":"info","message":"Passed","method":"GET","params":{},"query":{},"timestamp":"2023-05-30 23:58:15","url":"/api/image/loadImage"}
{"body":"","level":"info","message":"Passed","method":"GET","params":{},"query":{},"timestamp":"2023-05-30 23:58:45","url":"/api/image/loadImage"}
{"body":"","level":"info","message":"Passed","method":"GET","params":{},"query":{},"timestamp":"2023-05-30 23:58:45","url":"/api/image/loadImage"}
{"body":"","level":"info","message":"Passed","method":"GET","params":{},"query":{},"timestamp":"2023-05-30 23:58:47","url":"/api/image/loadImage"}
{"body":"","level":"info","message":"Passed","method":"GET","params":{},"query":{},"timestamp":"2023-05-30 23:58:47","url":"/api/image/loadImage"}
{"body":{},"level":"info","message":"Passed","method":"POST","params":"","query":"","timestamp":"2023-05-30 23:58:50","url":"/api/image/upLoad"}
{"body":"","level":"info","message":"Passed","method":"GET","params":{},"query":{},"timestamp":"2023-05-30 23:59:14","url":"/api/image/loadImage"}
{"body":{},"level":"info","message":"Passed","method":"POST","params":"","query":"","timestamp":"2023-05-30 23:59:14","url":"/api/image/upLoad"}
{"body":"","level":"info","message":"Passed","method":"GET","params":{},"query":{},"timestamp":"2023-05-30 23:59:17","url":"/api/image/loadImage"}
{"body":"","level":"info","message":"Passed","method":"GET","params":{},"query":{},"timestamp":"2023-05-30 23:59:17","url":"/api/image/loadImage"}
{"body":{},"level":"info","message":"Passed","method":"POST","params":"","query":"","timestamp":"2023-05-30 23:59:20","url":"/api/image/upLoad"}
{"body":{},"level":"info","message":"Passed","method":"POST","params":"","query":"","timestamp":"2023-05-30 23:59:24","url":"/api/image/upLoad"}
{"body":{},"level":"info","message":"Passed","method":"POST","params":"","query":"","timestamp":"2023-05-30 23:59:27","url":"/api/image/upLoad"}
{"body":[{"id":3,"imgUrl":"C:\\Users\\setup\\OneDrive\\Escritorio\\trabajo\\proyecto publicidad\\elparron-publicity\\input/7.jpg"},{"id":1,"imgUrl":"C:\\Users\\setup\\OneDrive\\Escritorio\\trabajo\\proyecto publicidad\\elparron-publicity\\input/5.jpg"},{"id":2,"imgUrl":"C:\\Users\\setup\\OneDrive\\Escritorio\\trabajo\\proyecto publicidad\\elparron-publicity\\input/6.jpg"},{"id":0,"imgUrl":"C:\\Users\\setup\\OneDrive\\Escritorio\\trabajo\\proyecto publicidad\\elparron-publicity\\input/2.jpg"}],"level":"info","message":"Passed","method":"POST","params":"","query":"","timestamp":"2023-05-30 23:59:54","url":"/api/image/updateImage"}
{"body":"","level":"info","message":"Passed","method":"GET","params":{},"query":{},"timestamp":"2023-05-31 00:03:46","url":"/api/image/loadImage"}
{"body":{},"level":"info","message":"Passed","method":"POST","params":"","query":"","timestamp":"2023-05-31 00:03:46","url":"/api/image/upLoad"}
{"level":"info","message":"API running on Development","timestamp":"2023-05-31 00:57:49"}
{"level":"info","message":"API listening port 4507","timestamp":"2023-05-31 00:57:49"}
{"level":"info","message":"API running on Development","timestamp":"2023-05-31 09:20:27"}
{"level":"info","message":"API listening port 4507","timestamp":"2023-05-31 09:20:27"}
{"body":"","level":"info","message":"Passed","method":"GET","params":{},"query":{},"timestamp":"2023-05-31 09:21:33","url":"/api/image/loadImage"}
{"body":"","level":"info","message":"Passed","method":"GET","params":{},"query":{},"timestamp":"2023-05-31 09:21:33","url":"/api/image/loadImage"}
{"level":"info","message":"API running on Development","timestamp":"2023-05-31 10:19:48"}
{"level":"info","message":"API listening port 4507","timestamp":"2023-05-31 10:19:48"}
{"level":"info","message":"API running on Development","timestamp":"2023-05-31 10:22:20"}
{"level":"info","message":"API listening port 4507","timestamp":"2023-05-31 10:22:20"}
{"level":"info","message":"API running on Development","timestamp":"2023-05-31 10:23:23"}
{"level":"info","message":"API listening port 4507","timestamp":"2023-05-31 10:23:23"}
{"level":"info","message":"API running on Development","timestamp":"2023-05-31 10:24:11"}
{"level":"info","message":"API listening port 4507","timestamp":"2023-05-31 10:24:11"}
{"level":"info","message":"API running on Development","timestamp":"2023-05-31 10:28:18"}
{"level":"info","message":"API listening port 4507","timestamp":"2023-05-31 10:28:18"}
{"level":"info","message":"API running on Development","timestamp":"2023-05-31 10:28:27"}
{"level":"info","message":"API listening port 4507","timestamp":"2023-05-31 10:28:27"}
{"level":"info","message":"API running on Development","timestamp":"2023-05-31 10:28:38"}
{"level":"info","message":"API listening port 4507","timestamp":"2023-05-31 10:28:38"}
{"level":"info","message":"API running on Development","timestamp":"2023-05-31 10:38:06"}
{"level":"info","message":"API listening port 4507","timestamp":"2023-05-31 10:38:06"}
{"level":"info","message":"API running on Development","timestamp":"2023-05-31 10:38:48"}
{"level":"info","message":"API listening port 4507","timestamp":"2023-05-31 10:38:48"}
{"level":"info","message":"API running on Development","timestamp":"2023-05-31 10:39:10"}
{"level":"info","message":"API listening port 4507","timestamp":"2023-05-31 10:39:10"}
{"level":"info","message":"API running on Development","timestamp":"2023-05-31 10:39:30"}
{"level":"info","message":"API listening port 4507","timestamp":"2023-05-31 10:39:30"}
{"body":"","level":"info","message":"Passed","method":"GET","params":{},"query":{},"timestamp":"2023-05-31 10:39:41","url":"/api/image/loadImage"}
{"level":"info","message":"API running on Development","timestamp":"2023-05-31 10:39:58"}
{"level":"info","message":"API listening port 4507","timestamp":"2023-05-31 10:39:58"}
{"body":"","level":"info","message":"Passed","method":"GET","params":{},"query":{},"timestamp":"2023-05-31 10:39:59","url":"/api/image/loadImage"}
{"body":"","level":"info","message":"Passed","method":"GET","params":{},"query":{},"timestamp":"2023-05-31 10:40:00","url":"/api/image/loadImage"}
{"body":"","level":"info","message":"Passed","method":"GET","params":{},"query":{},"timestamp":"2023-05-31 10:40:01","url":"/api/image/loadImage"}
{"body":"","level":"info","message":"Passed","method":"GET","params":{},"query":{},"timestamp":"2023-05-31 10:40:03","url":"/api/image/loadImage"}
{"body":"","level":"info","message":"Passed","method":"GET","params":{},"query":{},"timestamp":"2023-05-31 10:40:04","url":"/api/image/loadImage"}
{"level":"info","message":"API running on Development","timestamp":"2023-05-31 10:40:10"}
{"level":"info","message":"API listening port 4507","timestamp":"2023-05-31 10:40:10"}
{"level":"info","message":"API running on Development","timestamp":"2023-05-31 10:40:16"}
{"level":"info","message":"API listening port 4507","timestamp":"2023-05-31 10:40:16"}
{"body":"","level":"info","message":"Passed","method":"GET","params":{},"query":{},"timestamp":"2023-05-31 10:40:16","url":"/api/image/loadImage"}
{"level":"info","message":"API running on Development","timestamp":"2023-05-31 10:42:21"}
{"level":"info","message":"API listening port 4507","timestamp":"2023-05-31 10:42:21"}
{"body":"","level":"info","message":"Passed","method":"GET","params":{},"query":{},"timestamp":"2023-05-31 10:42:23","url":"/api/image/loadImage"}
{"level":"info","message":"API running on Development","timestamp":"2023-05-31 10:48:50"}
{"level":"info","message":"API listening port 4507","timestamp":"2023-05-31 10:48:50"}
{"level":"info","message":"API running on Development","timestamp":"2023-05-31 10:49:24"}
{"level":"info","message":"API listening port 4507","timestamp":"2023-05-31 10:49:24"}
{"level":"info","message":"API running on Development","timestamp":"2023-05-31 10:49:32"}
{"level":"info","message":"API listening port 4507","timestamp":"2023-05-31 10:49:32"}
{"level":"info","message":"API running on Development","timestamp":"2023-05-31 10:49:57"}
{"level":"info","message":"API listening port 4507","timestamp":"2023-05-31 10:49:57"}
{"level":"info","message":"API running on Development","timestamp":"2023-05-31 11:01:50"}
{"level":"info","message":"API listening port 4507","timestamp":"2023-05-31 11:01:50"}
{"level":"info","message":"API running on Development","timestamp":"2023-05-31 11:02:00"}
{"level":"info","message":"API listening port 4507","timestamp":"2023-05-31 11:02:00"}
{"level":"info","message":"API running on Development","timestamp":"2023-05-31 11:02:10"}
{"level":"info","message":"API listening port 4507","timestamp":"2023-05-31 11:02:10"}
{"level":"info","message":"API running on Development","timestamp":"2023-05-31 11:02:44"}
{"level":"info","message":"API listening port 4507","timestamp":"2023-05-31 11:02:44"}
{"level":"info","message":"API running on Development","timestamp":"2023-05-31 11:03:09"}
{"level":"info","message":"API listening port 4507","timestamp":"2023-05-31 11:03:09"}
{"level":"info","message":"API running on Development","timestamp":"2023-05-31 11:03:22"}
{"level":"info","message":"API listening port 4507","timestamp":"2023-05-31 11:03:22"}
{"level":"info","message":"API running on Development","timestamp":"2023-05-31 11:03:37"}
{"level":"info","message":"API listening port 4507","timestamp":"2023-05-31 11:03:37"}
{"level":"info","message":"API running on Development","timestamp":"2023-05-31 11:03:47"}
{"level":"info","message":"API listening port 4507","timestamp":"2023-05-31 11:03:47"}
{"level":"info","message":"API running on Development","timestamp":"2023-05-31 11:04:20"}
{"level":"info","message":"API listening port 4507","timestamp":"2023-05-31 11:04:20"}
{"body":"","level":"info","message":"Passed","method":"GET","params":{},"query":{},"timestamp":"2023-05-31 11:04:36","url":"/api/image/loadImage"}
{"body":"","level":"info","message":"Passed","method":"GET","params":{},"query":{},"timestamp":"2023-05-31 11:04:36","url":"/api/image/loadImage"}
{"body":"","level":"info","message":"Passed","method":"GET","params":{},"query":{},"timestamp":"2023-05-31 11:04:58","url":"/api/image/loadImage"}
{"level":"info","message":"API running on Development","timestamp":"2023-05-31 11:05:06"}
{"level":"info","message":"API listening port 4507","timestamp":"2023-05-31 11:05:06"}
{"body":"","level":"info","message":"Passed","method":"GET","params":{},"query":{},"timestamp":"2023-05-31 11:05:06","url":"/api/image/loadImage"}
{"body":"","level":"info","message":"Passed","method":"GET","params":{},"query":{},"timestamp":"2023-05-31 11:05:13","url":"/api/image/loadImage"}
{"body":"","level":"info","message":"Passed","method":"GET","params":{},"query":{},"timestamp":"2023-05-31 11:05:13","url":"/api/image/loadImage"}
{"body":"","level":"info","message":"Passed","method":"GET","params":{},"query":{},"timestamp":"2023-05-31 11:09:34","url":"/api/image/loadImage"}
{"body":"","level":"info","message":"Passed","method":"GET","params":{},"query":{},"timestamp":"2023-05-31 11:09:34","url":"/api/image/loadImage"}
{"body":"","level":"info","message":"Passed","method":"GET","params":{},"query":{},"timestamp":"2023-05-31 11:09:45","url":"/api/image/loadImage"}
{"body":"","level":"info","message":"Passed","method":"GET","params":{},"query":{},"timestamp":"2023-05-31 11:09:45","url":"/api/image/loadImage"}
{"body":"","level":"info","message":"Passed","method":"GET","params":{},"query":{},"timestamp":"2023-05-31 11:09:56","url":"/api/image/loadImage"}
{"body":"","level":"info","message":"Passed","method":"GET","params":{},"query":{},"timestamp":"2023-05-31 11:10:15","url":"/api/image/loadImage"}
{"body":"","level":"info","message":"Passed","method":"GET","params":{},"query":{},"timestamp":"2023-05-31 11:10:19","url":"/api/image/loadImage"}
{"body":"","level":"info","message":"Passed","method":"GET","params":{},"query":{},"timestamp":"2023-05-31 11:10:21","url":"/api/image/loadImage"}
{"body":"","level":"info","message":"Passed","method":"GET","params":{},"query":{},"timestamp":"2023-05-31 11:10:21","url":"/api/image/loadImage"}
{"body":"","level":"info","message":"Passed","method":"GET","params":{},"query":{},"timestamp":"2023-05-31 11:11:00","url":"/api/image/loadImage"}
{"body":"","level":"info","message":"Passed","method":"GET","params":{},"query":{},"timestamp":"2023-05-31 11:11:02","url":"/api/image/loadImage"}
{"body":"","level":"info","message":"Passed","method":"GET","params":{},"query":{},"timestamp":"2023-05-31 11:11:02","url":"/api/image/loadImage"}
{"body":"","level":"info","message":"Passed","method":"GET","params":{},"query":{},"timestamp":"2023-05-31 11:11:35","url":"/api/image/loadImage"}
{"body":"","level":"info","message":"Passed","method":"GET","params":{},"query":{},"timestamp":"2023-05-31 11:11:47","url":"/api/image/loadImage"}
{"body":"","level":"info","message":"Passed","method":"GET","params":{},"query":{},"timestamp":"2023-05-31 11:11:47","url":"/api/image/loadImage"}
{"body":{},"level":"info","message":"Passed","method":"POST","params":"","query":"","timestamp":"2023-05-31 11:12:40","url":"/api/image/upLoad"}
{"body":{},"level":"info","message":"Passed","method":"POST","params":"","query":"","timestamp":"2023-05-31 11:12:44","url":"/api/image/upLoad"}
{"body":{},"level":"info","message":"Passed","method":"POST","params":"","query":"","timestamp":"2023-05-31 11:12:47","url":"/api/image/upLoad"}
{"level":"info","message":"API running on Development","timestamp":"2023-05-31 11:13:41"}
{"level":"info","message":"API listening port 4507","timestamp":"2023-05-31 11:13:41"}
{"body":"","level":"info","message":"Passed","method":"GET","params":{},"query":{},"timestamp":"2023-05-31 11:13:41","url":"/api/image/loadImage"}
{"body":"","level":"info","message":"Passed","method":"GET","params":{},"query":{},"timestamp":"2023-05-31 11:13:41","url":"/api/image/loadImage"}
{"level":"info","message":"API running on Development","timestamp":"2023-05-31 11:14:51"}
{"level":"info","message":"API listening port 4507","timestamp":"2023-05-31 11:14:51"}
{"level":"info","message":"API running on Development","timestamp":"2023-05-31 11:54:51"}
{"level":"info","message":"API listening port 4507","timestamp":"2023-05-31 11:54:51"}
{"level":"info","message":"API running on Development","timestamp":"2023-05-31 12:03:34"}
{"level":"info","message":"API listening port 4507","timestamp":"2023-05-31 12:03:34"}
{"level":"info","message":"API running on Development","timestamp":"2023-05-31 12:03:47"}
{"level":"info","message":"API listening port 4507","timestamp":"2023-05-31 12:03:47"}
{"level":"info","message":"API running on Development","timestamp":"2023-05-31 12:05:27"}
{"level":"info","message":"API listening port 4507","timestamp":"2023-05-31 12:05:27"}
{"level":"info","message":"API running on Development","timestamp":"2023-05-31 12:05:32"}
{"level":"info","message":"API listening port 4507","timestamp":"2023-05-31 12:05:32"}
{"level":"info","message":"API running on Development","timestamp":"2023-05-31 12:06:00"}
{"level":"info","message":"API listening port 4507","timestamp":"2023-05-31 12:06:00"}
{"level":"info","message":"API running on Development","timestamp":"2023-05-31 12:06:28"}
{"level":"info","message":"API listening port 4507","timestamp":"2023-05-31 12:06:28"}
{"level":"info","message":"API running on Development","timestamp":"2023-05-31 12:06:34"}
{"level":"info","message":"API listening port 4507","timestamp":"2023-05-31 12:06:34"}
{"level":"info","message":"API running on Development","timestamp":"2023-05-31 12:06:42"}
{"level":"info","message":"API listening port 4507","timestamp":"2023-05-31 12:06:42"}
{"level":"info","message":"API running on Development","timestamp":"2023-05-31 12:06:48"}
{"level":"info","message":"API listening port 4507","timestamp":"2023-05-31 12:06:48"}
{"level":"info","message":"API running on Development","timestamp":"2023-05-31 12:07:45"}
{"level":"info","message":"API listening port 4507","timestamp":"2023-05-31 12:07:45"}
{"level":"info","message":"API running on Development","timestamp":"2023-05-31 12:08:47"}
{"level":"info","message":"API listening port 4507","timestamp":"2023-05-31 12:08:47"}
{"level":"info","message":"API running on Development","timestamp":"2023-05-31 12:11:44"}
{"level":"info","message":"API listening port 4507","timestamp":"2023-05-31 12:11:44"}
{"level":"info","message":"API running on Development","timestamp":"2023-05-31 12:11:57"}
{"level":"info","message":"API listening port 4507","timestamp":"2023-05-31 12:11:57"}
{"body":"","level":"info","message":"Passed","method":"GET","params":{},"query":{},"timestamp":"2023-05-31 12:12:20","url":"/api/image/loadImage"}
{"body":"","level":"info","message":"Passed","method":"GET","params":{},"query":{},"timestamp":"2023-05-31 12:12:20","url":"/api/image/loadImage"}
{"body":{},"level":"info","message":"Passed","method":"POST","params":"","query":"","timestamp":"2023-05-31 12:12:23","url":"/api/image/upLoad"}
{"level":"info","message":"API running on Development","timestamp":"2023-05-31 12:12:57"}
{"level":"info","message":"API listening port 4507","timestamp":"2023-05-31 12:12:57"}
{"body":"","level":"info","message":"Passed","method":"GET","params":{},"query":{},"timestamp":"2023-05-31 12:12:59","url":"/api/image/loadImage"}
{"body":"","level":"info","message":"Passed","method":"GET","params":{},"query":{},"timestamp":"2023-05-31 12:12:59","url":"/api/image/loadImage"}
{"body":{},"level":"info","message":"Passed","method":"POST","params":"","query":"","timestamp":"2023-05-31 12:13:01","url":"/api/image/upLoad"}
{"level":"info","message":"API running on Development","timestamp":"2023-05-31 12:13:12"}
{"level":"info","message":"API listening port 4507","timestamp":"2023-05-31 12:13:12"}
{"level":"info","message":"API running on Development","timestamp":"2023-05-31 12:14:10"}
{"level":"info","message":"API listening port 4507","timestamp":"2023-05-31 12:14:10"}
{"level":"info","message":"API running on Development","timestamp":"2023-05-31 12:14:12"}
{"level":"info","message":"API listening port 4507","timestamp":"2023-05-31 12:14:12"}
{"level":"info","message":"API running on Development","timestamp":"2023-05-31 12:14:23"}
{"level":"info","message":"API listening port 4507","timestamp":"2023-05-31 12:14:23"}
{"body":"","level":"info","message":"Passed","method":"GET","params":{},"query":{},"timestamp":"2023-05-31 12:14:33","url":"/api/image/loadImage"}
{"body":"","level":"info","message":"Passed","method":"GET","params":{},"query":{},"timestamp":"2023-05-31 12:14:33","url":"/api/image/loadImage"}
{"level":"info","message":"API running on Development","timestamp":"2023-05-31 12:15:29"}
{"level":"info","message":"API listening port 4507","timestamp":"2023-05-31 12:15:29"}
{"body":"","level":"info","message":"Passed","method":"GET","params":{},"query":{},"timestamp":"2023-05-31 12:15:30","url":"/api/image/loadImage"}
{"body":"","level":"info","message":"Passed","method":"GET","params":{},"query":{},"timestamp":"2023-05-31 12:15:30","url":"/api/image/loadImage"}
{"level":"info","message":"API running on Development","timestamp":"2023-05-31 12:16:28"}
{"level":"info","message":"API listening port 4507","timestamp":"2023-05-31 12:16:28"}
{"body":"","level":"info","message":"Passed","method":"GET","params":{},"query":{},"timestamp":"2023-05-31 12:16:28","url":"/api/image/loadImage"}
{"body":"","level":"info","message":"Passed","method":"GET","params":{},"query":{},"timestamp":"2023-05-31 12:16:28","url":"/api/image/loadImage"}
{"level":"info","message":"API running on Development","timestamp":"2023-05-31 12:16:41"}
{"level":"info","message":"API listening port 4507","timestamp":"2023-05-31 12:16:41"}
{"level":"info","message":"API running on Development","timestamp":"2023-05-31 12:17:00"}
{"level":"info","message":"API listening port 4507","timestamp":"2023-05-31 12:17:00"}
{"level":"info","message":"API running on Development","timestamp":"2023-05-31 12:17:19"}
{"level":"info","message":"API listening port 4507","timestamp":"2023-05-31 12:17:19"}
{"level":"info","message":"API running on Development","timestamp":"2023-05-31 12:17:45"}
{"level":"info","message":"API listening port 4507","timestamp":"2023-05-31 12:17:45"}
{"body":"","level":"info","message":"Passed","method":"GET","params":{},"query":{},"timestamp":"2023-05-31 12:17:46","url":"/api/image/loadImage"}
{"body":"","level":"info","message":"Passed","method":"GET","params":{},"query":{},"timestamp":"2023-05-31 12:17:46","url":"/api/image/loadImage"}
{"level":"info","message":"API running on Development","timestamp":"2023-05-31 12:18:22"}
{"level":"info","message":"API listening port 4507","timestamp":"2023-05-31 12:18:22"}
{"body":"","level":"info","message":"Passed","method":"GET","params":{},"query":{},"timestamp":"2023-05-31 12:18:24","url":"/api/image/loadImage"}
{"body":"","level":"info","message":"Passed","method":"GET","params":{},"query":{},"timestamp":"2023-05-31 12:18:24","url":"/api/image/loadImage"}
{"level":"info","message":"API running on Development","timestamp":"2023-05-31 12:18:33"}
{"level":"info","message":"API listening port 4507","timestamp":"2023-05-31 12:18:33"}
{"level":"info","message":"API running on Development","timestamp":"2023-05-31 12:18:42"}
{"level":"info","message":"API listening port 4507","timestamp":"2023-05-31 12:18:42"}
{"level":"info","message":"API running on Development","timestamp":"2023-05-31 12:18:55"}
{"level":"info","message":"API listening port 4507","timestamp":"2023-05-31 12:18:55"}
{"level":"info","message":"API running on Development","timestamp":"2023-05-31 12:19:01"}
{"level":"info","message":"API listening port 4507","timestamp":"2023-05-31 12:19:01"}
{"level":"info","message":"API running on Development","timestamp":"2023-05-31 12:19:17"}
{"level":"info","message":"API listening port 4507","timestamp":"2023-05-31 12:19:17"}
{"level":"info","message":"API running on Development","timestamp":"2023-05-31 12:19:26"}
{"level":"info","message":"API listening port 4507","timestamp":"2023-05-31 12:19:26"}
{"body":{},"level":"info","message":"Passed","method":"POST","params":"","query":"","timestamp":"2023-05-31 12:19:37","url":"/api/image/upLoad"}
{"body":{},"level":"info","message":"Passed","method":"POST","params":"","query":"","timestamp":"2023-05-31 12:19:40","url":"/api/image/upLoad"}
{"level":"info","message":"API running on Development","timestamp":"2023-05-31 12:19:55"}
{"level":"info","message":"API listening port 4507","timestamp":"2023-05-31 12:19:55"}
{"level":"info","message":"API running on Development","timestamp":"2023-05-31 12:20:24"}
{"level":"info","message":"API listening port 4507","timestamp":"2023-05-31 12:20:24"}
{"body":"","level":"info","message":"Passed","method":"GET","params":{},"query":{},"timestamp":"2023-05-31 12:20:26","url":"/api/image/loadImage"}
{"body":"","level":"info","message":"Passed","method":"GET","params":{},"query":{},"timestamp":"2023-05-31 12:20:26","url":"/api/image/loadImage"}
{"body":{},"level":"info","message":"Passed","method":"POST","params":"","query":"","timestamp":"2023-05-31 12:20:29","url":"/api/image/upLoad"}
{"body":{},"level":"info","message":"Passed","method":"POST","params":"","query":"","timestamp":"2023-05-31 12:20:35","url":"/api/image/upLoad"}
{"body":{},"level":"info","message":"Passed","method":"POST","params":"","query":"","timestamp":"2023-05-31 12:20:45","url":"/api/image/upLoad"}
{"level":"info","message":"API running on Development","timestamp":"2023-05-31 12:20:59"}
{"level":"info","message":"API listening port 4507","timestamp":"2023-05-31 12:20:59"}
{"body":"","level":"info","message":"Passed","method":"GET","params":{},"query":{},"timestamp":"2023-05-31 12:21:03","url":"/api/image/loadImage"}
{"body":"","level":"info","message":"Passed","method":"GET","params":{},"query":{},"timestamp":"2023-05-31 12:21:03","url":"/api/image/loadImage"}
{"body":{},"level":"info","message":"Passed","method":"POST","params":"","query":"","timestamp":"2023-05-31 12:21:05","url":"/api/image/upLoad"}
{"body":{},"level":"info","message":"Passed","method":"POST","params":"","query":"","timestamp":"2023-05-31 12:21:08","url":"/api/image/upLoad"}
{"level":"info","message":"API running on Development","timestamp":"2023-05-31 12:21:40"}
{"level":"info","message":"API listening port 4507","timestamp":"2023-05-31 12:21:40"}
{"body":"","level":"info","message":"Passed","method":"GET","params":{},"query":{},"timestamp":"2023-05-31 12:21:41","url":"/api/image/loadImage"}
{"body":"","level":"info","message":"Passed","method":"GET","params":{},"query":{},"timestamp":"2023-05-31 12:21:41","url":"/api/image/loadImage"}
{"body":{},"level":"info","message":"Passed","method":"POST","params":"","query":"","timestamp":"2023-05-31 12:21:43","url":"/api/image/upLoad"}
{"body":{},"level":"info","message":"Passed","method":"POST","params":"","query":"","timestamp":"2023-05-31 12:21:46","url":"/api/image/upLoad"}
{"level":"info","message":"API running on Development","timestamp":"2023-05-31 12:22:24"}
{"level":"info","message":"API listening port 4507","timestamp":"2023-05-31 12:22:24"}
{"level":"info","message":"API running on Development","timestamp":"2023-05-31 12:22:42"}
{"level":"info","message":"API listening port 4507","timestamp":"2023-05-31 12:22:42"}
{"level":"info","message":"API running on Development","timestamp":"2023-05-31 12:23:03"}
{"level":"info","message":"API listening port 4507","timestamp":"2023-05-31 12:23:03"}
{"level":"info","message":"API running on Development","timestamp":"2023-05-31 12:23:11"}
{"level":"info","message":"API listening port 4507","timestamp":"2023-05-31 12:23:11"}
{"body":{},"level":"info","message":"Passed","method":"POST","params":"","query":"","timestamp":"2023-05-31 12:23:13","url":"/api/image/upLoad"}
{"level":"info","message":"API running on Development","timestamp":"2023-05-31 12:23:36"}
{"level":"info","message":"API listening port 4507","timestamp":"2023-05-31 12:23:36"}
{"level":"info","message":"API running on Development","timestamp":"2023-05-31 12:24:07"}
{"level":"info","message":"API listening port 4507","timestamp":"2023-05-31 12:24:07"}
{"level":"info","message":"API running on Development","timestamp":"2023-05-31 12:24:42"}
{"level":"info","message":"API listening port 4507","timestamp":"2023-05-31 12:24:42"}
{"level":"info","message":"API running on Development","timestamp":"2023-05-31 12:25:06"}
{"level":"info","message":"API listening port 4507","timestamp":"2023-05-31 12:25:06"}
{"body":"","level":"info","message":"Passed","method":"GET","params":{},"query":{},"timestamp":"2023-05-31 12:25:14","url":"/api/image/loadImage"}
{"body":"","level":"info","message":"Passed","method":"GET","params":{},"query":{},"timestamp":"2023-05-31 12:25:14","url":"/api/image/loadImage"}
{"level":"info","message":"API running on Development","timestamp":"2023-05-31 12:25:45"}
{"level":"info","message":"API listening port 4507","timestamp":"2023-05-31 12:25:45"}
{"level":"info","message":"API running on Development","timestamp":"2023-05-31 12:26:29"}
{"level":"info","message":"API listening port 4507","timestamp":"2023-05-31 12:26:29"}
{"level":"info","message":"API running on Development","timestamp":"2023-05-31 12:26:33"}
{"level":"info","message":"API listening port 4507","timestamp":"2023-05-31 12:26:33"}
{"level":"info","message":"API running on Development","timestamp":"2023-05-31 12:26:52"}
{"level":"info","message":"API listening port 4507","timestamp":"2023-05-31 12:26:52"}
{"level":"info","message":"API running on Development","timestamp":"2023-05-31 12:27:21"}
{"level":"info","message":"API listening port 4507","timestamp":"2023-05-31 12:27:21"}
{"level":"info","message":"API running on Development","timestamp":"2023-05-31 12:27:46"}
{"level":"info","message":"API listening port 4507","timestamp":"2023-05-31 12:27:46"}
{"body":{},"level":"info","message":"Passed","method":"POST","params":"","query":"","timestamp":"2023-05-31 12:27:50","url":"/api/image/upLoad"}
{"level":"info","message":"API running on Development","timestamp":"2023-05-31 12:29:40"}
{"level":"info","message":"API listening port 4507","timestamp":"2023-05-31 12:29:40"}
{"body":{},"level":"info","message":"Passed","method":"POST","params":"","query":"","timestamp":"2023-05-31 12:29:47","url":"/api/image/upLoad"}
{"level":"info","message":"API running on Development","timestamp":"2023-05-31 12:44:14"}
{"level":"info","message":"API listening port 4507","timestamp":"2023-05-31 12:44:14"}
{"level":"info","message":"API running on Development","timestamp":"2023-05-31 12:44:43"}
{"level":"info","message":"API listening port 4507","timestamp":"2023-05-31 12:44:43"}
{"level":"info","message":"API running on Development","timestamp":"2023-05-31 12:45:31"}
{"level":"info","message":"API listening port 4507","timestamp":"2023-05-31 12:45:31"}
{"level":"info","message":"API running on Development","timestamp":"2023-05-31 12:46:02"}
{"level":"info","message":"API listening port 4507","timestamp":"2023-05-31 12:46:02"}
{"level":"info","message":"API running on Development","timestamp":"2023-05-31 12:46:57"}
{"level":"info","message":"API listening port 4507","timestamp":"2023-05-31 12:46:57"}
{"level":"info","message":"API running on Development","timestamp":"2023-05-31 12:47:03"}
{"level":"info","message":"API listening port 4507","timestamp":"2023-05-31 12:47:03"}
{"level":"info","message":"API running on Development","timestamp":"2023-05-31 12:47:22"}
{"level":"info","message":"API listening port 4507","timestamp":"2023-05-31 12:47:22"}
{"level":"info","message":"API running on Development","timestamp":"2023-05-31 12:47:30"}
{"level":"info","message":"API listening port 4507","timestamp":"2023-05-31 12:47:30"}
{"level":"info","message":"API running on Development","timestamp":"2023-05-31 12:48:16"}
{"level":"info","message":"API listening port 4507","timestamp":"2023-05-31 12:48:16"}
{"level":"info","message":"API running on Development","timestamp":"2023-05-31 12:48:55"}
{"level":"info","message":"API listening port 4507","timestamp":"2023-05-31 12:48:55"}
{"level":"info","message":"API running on Development","timestamp":"2023-05-31 12:48:59"}
{"level":"info","message":"API listening port 4507","timestamp":"2023-05-31 12:48:59"}
{"level":"info","message":"API running on Development","timestamp":"2023-05-31 12:49:05"}
{"level":"info","message":"API listening port 4507","timestamp":"2023-05-31 12:49:05"}
{"level":"info","message":"API running on Development","timestamp":"2023-05-31 12:49:40"}
{"level":"info","message":"API listening port 4507","timestamp":"2023-05-31 12:49:40"}
{"level":"info","message":"API running on Development","timestamp":"2023-05-31 12:50:59"}
{"level":"info","message":"API listening port 4507","timestamp":"2023-05-31 12:50:59"}
{"level":"info","message":"API running on Development","timestamp":"2023-05-31 12:51:13"}
{"level":"info","message":"API listening port 4507","timestamp":"2023-05-31 12:51:13"}
{"level":"info","message":"API running on Development","timestamp":"2023-05-31 12:52:59"}
{"level":"info","message":"API listening port 4507","timestamp":"2023-05-31 12:52:59"}
{"body":"","level":"info","message":"Passed","method":"GET","params":{},"query":{},"timestamp":"2023-05-31 12:53:07","url":"/api/image/loadImage"}
{"body":"","level":"info","message":"Passed","method":"GET","params":{},"query":{},"timestamp":"2023-05-31 12:53:07","url":"/api/image/loadImage"}
{"body":{},"level":"info","message":"Passed","method":"POST","params":"","query":"","timestamp":"2023-05-31 12:53:09","url":"/api/image/upLoad"}
{"body":{},"level":"info","message":"Passed","method":"POST","params":"","query":"","timestamp":"2023-05-31 12:53:16","url":"/api/image/upLoad"}
{"level":"info","message":"API running on Development","timestamp":"2023-05-31 12:54:03"}
{"level":"info","message":"API listening port 4507","timestamp":"2023-05-31 12:54:03"}
{"body":"","level":"info","message":"Passed","method":"GET","params":{},"query":{},"timestamp":"2023-05-31 12:54:04","url":"/api/image/loadImage"}
{"body":"","level":"info","message":"Passed","method":"GET","params":{},"query":{},"timestamp":"2023-05-31 12:54:04","url":"/api/image/loadImage"}
{"body":{},"level":"info","message":"Passed","method":"POST","params":"","query":"","timestamp":"2023-05-31 12:54:10","url":"/api/image/upLoad"}
{"level":"info","message":"API running on Development","timestamp":"2023-05-31 12:54:36"}
{"level":"info","message":"API listening port 4507","timestamp":"2023-05-31 12:54:36"}
{"level":"info","message":"API running on Development","timestamp":"2023-05-31 12:54:56"}
{"level":"info","message":"API listening port 4507","timestamp":"2023-05-31 12:54:56"}
{"level":"info","message":"API running on Development","timestamp":"2023-05-31 12:55:18"}
{"level":"info","message":"API listening port 4507","timestamp":"2023-05-31 12:55:18"}
{"body":"","level":"info","message":"Passed","method":"GET","params":{},"query":{},"timestamp":"2023-05-31 12:55:19","url":"/api/image/loadImage"}
{"body":"","level":"info","message":"Passed","method":"GET","params":{},"query":{},"timestamp":"2023-05-31 12:55:19","url":"/api/image/loadImage"}
{"body":{},"level":"info","message":"Passed","method":"POST","params":"","query":"","timestamp":"2023-05-31 12:55:20","url":"/api/image/upLoad"}
{"level":"info","message":"API running on Development","timestamp":"2023-05-31 12:56:15"}
{"level":"info","message":"API listening port 4507","timestamp":"2023-05-31 12:56:15"}
{"body":"","level":"info","message":"Passed","method":"GET","params":{},"query":{},"timestamp":"2023-05-31 12:56:49","url":"/api/image/loadImage"}
{"body":"","level":"info","message":"Passed","method":"GET","params":{},"query":{},"timestamp":"2023-05-31 12:56:49","url":"/api/image/loadImage"}
{"body":{},"level":"info","message":"Passed","method":"POST","params":"","query":"","timestamp":"2023-05-31 12:57:16","url":"/api/image/upLoad"}
{"body":{},"level":"info","message":"Passed","method":"POST","params":"","query":"","timestamp":"2023-05-31 12:57:25","url":"/api/image/upLoad"}
{"body":{},"level":"info","message":"Passed","method":"POST","params":"","query":"","timestamp":"2023-05-31 12:57:39","url":"/api/image/upLoad"}
{"body":{},"level":"info","message":"Passed","method":"POST","params":"","query":"","timestamp":"2023-05-31 12:57:42","url":"/api/image/upLoad"}
{"body":[{"id":0},{"id":2},{"id":3}],"level":"info","message":"Passed","method":"POST","params":"","query":"","timestamp":"2023-05-31 12:57:49","url":"/api/image/updateImage"}
{"level":"info","message":"API running on Development","timestamp":"2023-05-31 12:58:30"}
{"level":"info","message":"API listening port 4507","timestamp":"2023-05-31 12:58:30"}
{"body":"","level":"info","message":"Passed","method":"GET","params":{},"query":{},"timestamp":"2023-05-31 12:58:31","url":"/api/image/loadImage"}
{"body":"","level":"info","message":"Passed","method":"GET","params":{},"query":{},"timestamp":"2023-05-31 12:58:31","url":"/api/image/loadImage"}
{"level":"info","message":"API running on Development","timestamp":"2023-05-31 12:59:14"}
{"level":"info","message":"API listening port 4507","timestamp":"2023-05-31 12:59:14"}
{"body":[{"id":0},{"id":3}],"level":"info","message":"Passed","method":"POST","params":"","query":"","timestamp":"2023-05-31 12:59:22","url":"/api/image/updateImage"}
{"body":"","level":"info","message":"Passed","method":"GET","params":{},"query":{},"timestamp":"2023-05-31 12:59:59","url":"/api/image/loadImage"}
{"body":"","level":"info","message":"Passed","method":"GET","params":{},"query":{},"timestamp":"2023-05-31 13:00:02","url":"/api/image/loadImage"}
{"body":"","level":"info","message":"Passed","method":"GET","params":{},"query":{},"timestamp":"2023-05-31 13:00:02","url":"/api/image/loadImage"}
{"body":[{"id":0},{"id":3}],"level":"info","message":"Passed","method":"POST","params":"","query":"","timestamp":"2023-05-31 13:00:10","url":"/api/image/updateImage"}
{"level":"info","message":"API running on Development","timestamp":"2023-05-31 13:01:44"}
{"level":"info","message":"API listening port 4507","timestamp":"2023-05-31 13:01:44"}
{"body":[{"id":0},{"id":3}],"level":"info","message":"Passed","method":"POST","params":"","query":"","timestamp":"2023-05-31 13:01:44","url":"/api/image/updateImage"}
{"body":[{"id":0},{"id":3}],"level":"info","message":"Passed","method":"POST","params":"","query":"","timestamp":"2023-05-31 13:01:52","url":"/api/image/updateImage"}
{"body":[{"id":0},{"id":3}],"level":"info","message":"Passed","method":"POST","params":"","query":"","timestamp":"2023-05-31 13:01:55","url":"/api/image/updateImage"}
{"level":"info","message":"API running on Development","timestamp":"2023-05-31 13:02:29"}
{"level":"info","message":"API listening port 4507","timestamp":"2023-05-31 13:02:29"}
{"body":[{"id":0},{"id":3}],"level":"info","message":"Passed","method":"POST","params":"","query":"","timestamp":"2023-05-31 13:02:29","url":"/api/image/updateImage"}
{"body":[{"id":0},{"id":3}],"level":"info","message":"Passed","method":"POST","params":"","query":"","timestamp":"2023-05-31 13:02:32","url":"/api/image/updateImage"}
{"body":[{"id":0},{"id":3}],"level":"info","message":"Passed","method":"POST","params":"","query":"","timestamp":"2023-05-31 13:02:34","url":"/api/image/updateImage"}
{"body":[{"id":0},{"id":3}],"level":"info","message":"Passed","method":"POST","params":"","query":"","timestamp":"2023-05-31 13:02:36","url":"/api/image/updateImage"}
{"level":"info","message":"API running on Development","timestamp":"2023-05-31 13:02:49"}
{"level":"info","message":"API listening port 4507","timestamp":"2023-05-31 13:02:49"}
{"body":[{"id":0},{"id":3}],"level":"info","message":"Passed","method":"POST","params":"","query":"","timestamp":"2023-05-31 13:02:49","url":"/api/image/updateImage"}
{"body":[{"id":0},{"id":3}],"level":"info","message":"Passed","method":"POST","params":"","query":"","timestamp":"2023-05-31 13:02:55","url":"/api/image/updateImage"}
{"body":[{"id":0},{"id":3}],"level":"info","message":"Passed","method":"POST","params":"","query":"","timestamp":"2023-05-31 13:02:59","url":"/api/image/updateImage"}
{"level":"info","message":"API running on Development","timestamp":"2023-05-31 13:03:09"}
{"level":"info","message":"API listening port 4507","timestamp":"2023-05-31 13:03:09"}
{"body":[{"id":0},{"id":3}],"level":"info","message":"Passed","method":"POST","params":"","query":"","timestamp":"2023-05-31 13:03:09","url":"/api/image/updateImage"}
{"level":"info","message":"API running on Development","timestamp":"2023-05-31 13:03:15"}
{"level":"info","message":"API listening port 4507","timestamp":"2023-05-31 13:03:15"}
{"body":[{"id":0},{"id":3}],"level":"info","message":"Passed","method":"POST","params":"","query":"","timestamp":"2023-05-31 13:03:16","url":"/api/image/updateImage"}
{"level":"info","message":"API running on Development","timestamp":"2023-05-31 13:03:39"}
{"level":"info","message":"API listening port 4507","timestamp":"2023-05-31 13:03:39"}
{"body":[{"id":0},{"id":3}],"level":"info","message":"Passed","method":"POST","params":"","query":"","timestamp":"2023-05-31 13:03:40","url":"/api/image/updateImage"}
{"level":"info","message":"API running on Development","timestamp":"2023-05-31 13:03:47"}
{"level":"info","message":"API listening port 4507","timestamp":"2023-05-31 13:03:47"}
{"body":"","level":"info","message":"Passed","method":"GET","params":{},"query":{},"timestamp":"2023-05-31 13:03:48","url":"/api/image/loadImage"}
{"body":"","level":"info","message":"Passed","method":"GET","params":{},"query":{},"timestamp":"2023-05-31 13:03:48","url":"/api/image/loadImage"}
{"body":{},"level":"info","message":"Passed","method":"POST","params":"","query":"","timestamp":"2023-05-31 14:02:30","url":"/api/image/upLoad"}
{"body":"","level":"info","message":"Passed","method":"GET","params":{},"query":{},"timestamp":"2023-05-31 14:03:56","url":"/api/image/loadImage"}
{"body":"","level":"info","message":"Passed","method":"GET","params":{},"query":{},"timestamp":"2023-05-31 14:03:56","url":"/api/image/loadImage"}
{"body":{},"level":"info","message":"Passed","method":"POST","params":"","query":"","timestamp":"2023-05-31 14:04:02","url":"/api/image/upLoad"}
{"body":{},"level":"info","message":"Passed","method":"POST","params":"","query":"","timestamp":"2023-05-31 14:04:06","url":"/api/image/upLoad"}
{"body":{},"level":"info","message":"Passed","method":"POST","params":"","query":"","timestamp":"2023-05-31 14:04:08","url":"/api/image/upLoad"}
{"body":[{"id":0},{"id":2}],"level":"info","message":"Passed","method":"POST","params":"","query":"","timestamp":"2023-05-31 14:04:35","url":"/api/image/updateImage"}
{"level":"info","message":"API running on Development","timestamp":"2023-05-31 14:05:02"}
{"level":"info","message":"API listening port 4507","timestamp":"2023-05-31 14:05:02"}
{"body":[{"id":0},{"id":2}],"level":"info","message":"Passed","method":"POST","params":"","query":"","timestamp":"2023-05-31 14:05:02","url":"/api/image/updateImage"}
{"body":[{"id":0},{"id":2}],"level":"info","message":"Passed","method":"POST","params":"","query":"","timestamp":"2023-05-31 14:05:06","url":"/api/image/updateImage"}
{"level":"info","message":"API running on Development","timestamp":"2023-05-31 14:08:09"}
{"level":"info","message":"API listening port 4507","timestamp":"2023-05-31 14:08:09"}
{"body":[{"id":0},{"id":2}],"level":"info","message":"Passed","method":"POST","params":"","query":"","timestamp":"2023-05-31 14:08:09","url":"/api/image/updateImage"}
{"level":"info","message":"API running on Development","timestamp":"2023-05-31 14:08:40"}
{"level":"info","message":"API listening port 4507","timestamp":"2023-05-31 14:08:40"}
{"body":"","level":"info","message":"Passed","method":"GET","params":{},"query":{},"timestamp":"2023-05-31 14:08:47","url":"/api/image/loadImage"}
{"body":"","level":"info","message":"Passed","method":"GET","params":{},"query":{},"timestamp":"2023-05-31 14:08:47","url":"/api/image/loadImage"}
{"body":[{"id":0},{"id":2}],"level":"info","message":"Passed","method":"POST","params":"","query":"","timestamp":"2023-05-31 14:08:49","url":"/api/image/updateImage"}
{"level":"info","message":"API running on Development","timestamp":"2023-05-31 14:09:35"}
{"level":"info","message":"API listening port 4507","timestamp":"2023-05-31 14:09:35"}
{"body":[{"id":0},{"id":2}],"level":"info","message":"Passed","method":"POST","params":"","query":"","timestamp":"2023-05-31 14:09:35","url":"/api/image/updateImage"}
{"level":"info","message":"API running on Development","timestamp":"2023-05-31 14:09:43"}
{"level":"info","message":"API listening port 4507","timestamp":"2023-05-31 14:09:43"}
{"body":[{"id":0},{"id":2}],"level":"info","message":"Passed","method":"POST","params":"","query":"","timestamp":"2023-05-31 14:09:46","url":"/api/image/updateImage"}
{"level":"info","message":"API running on Development","timestamp":"2023-05-31 14:13:36"}
{"level":"info","message":"API listening port 4507","timestamp":"2023-05-31 14:13:36"}
{"body":[{"id":0},{"id":2}],"level":"info","message":"Passed","method":"POST","params":"","query":"","timestamp":"2023-05-31 14:13:36","url":"/api/image/updateImage"}
{"level":"info","message":"API running on Development","timestamp":"2023-05-31 14:13:45"}
{"level":"info","message":"API listening port 4507","timestamp":"2023-05-31 14:13:45"}
{"body":[{"id":0},{"id":2}],"level":"info","message":"Passed","method":"POST","params":"","query":"","timestamp":"2023-05-31 14:13:48","url":"/api/image/updateImage"}
{"level":"info","message":"API running on Development","timestamp":"2023-05-31 14:26:53"}
{"level":"info","message":"API listening port 4507","timestamp":"2023-05-31 14:26:53"}
{"level":"info","message":"API running on Development","timestamp":"2023-05-31 14:27:09"}
{"level":"info","message":"API listening port 4507","timestamp":"2023-05-31 14:27:09"}
{"body":[{"id":0},{"id":2}],"level":"info","message":"Passed","method":"POST","params":"","query":"","timestamp":"2023-05-31 14:27:14","url":"/api/image/updateImage"}
{"level":"info","message":"API running on Development","timestamp":"2023-05-31 14:27:32"}
{"level":"info","message":"API listening port 4507","timestamp":"2023-05-31 14:27:32"}
{"body":[{"id":0},{"id":2}],"level":"info","message":"Passed","method":"POST","params":"","query":"","timestamp":"2023-05-31 14:27:32","url":"/api/image/updateImage"}
{"level":"info","message":"API running on Development","timestamp":"2023-05-31 14:27:48"}
{"level":"info","message":"API listening port 4507","timestamp":"2023-05-31 14:27:48"}
{"body":[{"id":0},{"id":2}],"level":"info","message":"Passed","method":"POST","params":"","query":"","timestamp":"2023-05-31 14:27:50","url":"/api/image/updateImage"}
{"level":"info","message":"API running on Development","timestamp":"2023-05-31 14:28:37"}
{"level":"info","message":"API listening port 4507","timestamp":"2023-05-31 14:28:37"}
{"body":[{"id":0},{"id":2}],"level":"info","message":"Passed","method":"POST","params":"","query":"","timestamp":"2023-05-31 14:28:37","url":"/api/image/updateImage"}
{"level":"info","message":"API running on Development","timestamp":"2023-05-31 14:28:42"}
{"level":"info","message":"API listening port 4507","timestamp":"2023-05-31 14:28:42"}
{"body":[{"id":0},{"id":2}],"level":"info","message":"Passed","method":"POST","params":"","query":"","timestamp":"2023-05-31 14:28:44","url":"/api/image/updateImage"}
{"level":"info","message":"API running on Development","timestamp":"2023-05-31 14:29:00"}
{"level":"info","message":"API listening port 4507","timestamp":"2023-05-31 14:29:00"}
{"body":[{"id":0},{"id":2}],"level":"info","message":"Passed","method":"POST","params":"","query":"","timestamp":"2023-05-31 14:29:02","url":"/api/image/updateImage"}
{"level":"info","message":"API running on Development","timestamp":"2023-05-31 14:29:15"}
{"level":"info","message":"API listening port 4507","timestamp":"2023-05-31 14:29:15"}
{"body":[{"id":0},{"id":2}],"level":"info","message":"Passed","method":"POST","params":"","query":"","timestamp":"2023-05-31 14:29:23","url":"/api/image/updateImage"}
{"level":"info","message":"API running on Development","timestamp":"2023-05-31 14:29:44"}
{"level":"info","message":"API listening port 4507","timestamp":"2023-05-31 14:29:44"}
{"level":"info","message":"API running on Development","timestamp":"2023-05-31 14:30:33"}
{"level":"info","message":"API listening port 4507","timestamp":"2023-05-31 14:30:33"}
{"body":[{"id":0},{"id":2}],"level":"info","message":"Passed","method":"POST","params":"","query":"","timestamp":"2023-05-31 14:30:37","url":"/api/image/updateImage"}
{"level":"info","message":"API running on Development","timestamp":"2023-05-31 14:31:26"}
{"level":"info","message":"API listening port 4507","timestamp":"2023-05-31 14:31:26"}
{"body":[{"id":0},{"id":2}],"level":"info","message":"Passed","method":"POST","params":"","query":"","timestamp":"2023-05-31 14:31:31","url":"/api/image/updateImage"}
{"level":"info","message":"API running on Development","timestamp":"2023-05-31 14:31:51"}
{"level":"info","message":"API listening port 4507","timestamp":"2023-05-31 14:31:51"}
{"body":[{"id":0},{"id":2}],"level":"info","message":"Passed","method":"POST","params":"","query":"","timestamp":"2023-05-31 14:31:58","url":"/api/image/updateImage"}
{"level":"info","message":"API running on Development","timestamp":"2023-05-31 14:32:29"}
{"level":"info","message":"API listening port 4507","timestamp":"2023-05-31 14:32:29"}
{"body":[{"id":0},{"id":2}],"level":"info","message":"Passed","method":"POST","params":"","query":"","timestamp":"2023-05-31 14:32:34","url":"/api/image/updateImage"}
{"level":"info","message":"API running on Development","timestamp":"2023-05-31 14:33:03"}
{"level":"info","message":"API listening port 4507","timestamp":"2023-05-31 14:33:03"}
{"level":"info","message":"API running on Development","timestamp":"2023-05-31 14:33:10"}
{"level":"info","message":"API listening port 4507","timestamp":"2023-05-31 14:33:10"}
{"body":[{"id":0},{"id":2}],"level":"info","message":"Passed","method":"POST","params":"","query":"","timestamp":"2023-05-31 14:33:20","url":"/api/image/updateImage"}
{"level":"info","message":"API running on Development","timestamp":"2023-05-31 14:38:01"}
{"level":"info","message":"API listening port 4507","timestamp":"2023-05-31 14:38:01"}
{"body":[{"id":0},{"id":2}],"level":"info","message":"Passed","method":"POST","params":"","query":"","timestamp":"2023-05-31 14:38:02","url":"/api/image/updateImage"}
{"level":"info","message":"API running on Development","timestamp":"2023-05-31 14:41:39"}
{"level":"info","message":"API listening port 4507","timestamp":"2023-05-31 14:41:39"}
{"body":[{"id":0},{"id":2}],"level":"info","message":"Passed","method":"POST","params":"","query":"","timestamp":"2023-05-31 14:41:45","url":"/api/image/updateImage"}
{"body":"","level":"info","message":"Passed","method":"GET","params":{},"query":{},"timestamp":"2023-05-31 14:41:48","url":"/api/image/loadImage"}
{"body":"","level":"info","message":"Passed","method":"GET","params":{},"query":{},"timestamp":"2023-05-31 14:41:48","url":"/api/image/loadImage"}
{"body":[{"id":0},{"id":2}],"level":"info","message":"Passed","method":"POST","params":"","query":"","timestamp":"2023-05-31 14:41:52","url":"/api/image/updateImage"}
{"level":"info","message":"API running on Development","timestamp":"2023-05-31 14:42:58"}
{"level":"info","message":"API listening port 4507","timestamp":"2023-05-31 14:42:58"}
{"body":[{"id":0},{"id":2}],"level":"info","message":"Passed","method":"POST","params":"","query":"","timestamp":"2023-05-31 14:42:58","url":"/api/image/updateImage"}
{"level":"info","message":"API running on Development","timestamp":"2023-05-31 15:00:14"}
{"level":"info","message":"API listening port 4507","timestamp":"2023-05-31 15:00:14"}
{"body":"","level":"info","message":"Passed","method":"GET","params":{},"query":{},"timestamp":"2023-05-31 15:01:13","url":"/api/image/loadImage"}
{"body":"","level":"info","message":"Passed","method":"GET","params":{},"query":{},"timestamp":"2023-05-31 15:01:13","url":"/api/image/loadImage"}
{"body":[{"id":0},{"id":2}],"level":"info","message":"Passed","method":"POST","params":"","query":"","timestamp":"2023-05-31 15:01:24","url":"/api/image/updateImage"}
{"level":"info","message":"API running on Development","timestamp":"2023-05-31 15:01:34"}
{"level":"info","message":"API listening port 4507","timestamp":"2023-05-31 15:01:34"}
{"body":[{"id":0},{"id":2}],"level":"info","message":"Passed","method":"POST","params":"","query":"","timestamp":"2023-05-31 15:01:34","url":"/api/image/updateImage"}
{"body":[{"id":0},{"id":2}],"level":"info","message":"Passed","method":"POST","params":"","query":"","timestamp":"2023-05-31 15:01:38","url":"/api/image/updateImage"}
{"body":[{"id":0},{"id":2}],"level":"info","message":"Passed","method":"POST","params":"","query":"","timestamp":"2023-05-31 15:01:41","url":"/api/image/updateImage"}
{"level":"info","message":"API running on Development","timestamp":"2023-05-31 15:02:01"}
{"level":"info","message":"API listening port 4507","timestamp":"2023-05-31 15:02:01"}
{"body":[{"id":0},{"id":2}],"level":"info","message":"Passed","method":"POST","params":"","query":"","timestamp":"2023-05-31 15:02:01","url":"/api/image/updateImage"}
{"level":"info","message":"API running on Development","timestamp":"2023-05-31 15:02:19"}
{"level":"info","message":"API listening port 4507","timestamp":"2023-05-31 15:02:19"}
{"body":[{"id":0},{"id":2}],"level":"info","message":"Passed","method":"POST","params":"","query":"","timestamp":"2023-05-31 15:02:20","url":"/api/image/updateImage"}
{"level":"info","message":"API running on Development","timestamp":"2023-05-31 15:02:49"}
{"level":"info","message":"API listening port 4507","timestamp":"2023-05-31 15:02:49"}
{"body":[{"id":0},{"id":2}],"level":"info","message":"Passed","method":"POST","params":"","query":"","timestamp":"2023-05-31 15:02:49","url":"/api/image/updateImage"}
{"level":"info","message":"API running on Development","timestamp":"2023-05-31 15:03:01"}
{"level":"info","message":"API listening port 4507","timestamp":"2023-05-31 15:03:01"}
{"body":[{"id":0},{"id":2}],"level":"info","message":"Passed","method":"POST","params":"","query":"","timestamp":"2023-05-31 15:03:04","url":"/api/image/updateImage"}
{"level":"info","message":"API running on Development","timestamp":"2023-05-31 15:08:23"}
{"level":"info","message":"API listening port 4507","timestamp":"2023-05-31 15:08:23"}
{"body":"","level":"info","message":"Passed","method":"GET","params":{},"query":{},"timestamp":"2023-05-31 15:08:30","url":"/api/image/loadImage"}
{"body":"","level":"info","message":"Passed","method":"GET","params":{},"query":{},"timestamp":"2023-05-31 15:08:30","url":"/api/image/loadImage"}
{"body":[{"id":0},{"id":2}],"level":"info","message":"Passed","method":"POST","params":"","query":"","timestamp":"2023-05-31 15:08:36","url":"/api/image/updateImage"}
{"level":"info","message":"API running on Development","timestamp":"2023-05-31 15:14:39"}
{"level":"info","message":"API listening port 4507","timestamp":"2023-05-31 15:14:39"}
{"body":[{"id":0},{"id":2}],"level":"info","message":"Passed","method":"POST","params":"","query":"","timestamp":"2023-05-31 15:14:39","url":"/api/image/updateImage"}
{"level":"info","message":"API running on Development","timestamp":"2023-05-31 15:14:45"}
{"level":"info","message":"API listening port 4507","timestamp":"2023-05-31 15:14:45"}
{"body":"","level":"info","message":"Passed","method":"GET","params":{},"query":{},"timestamp":"2023-05-31 15:14:49","url":"/api/image/loadImage"}
{"body":"","level":"info","message":"Passed","method":"GET","params":{},"query":{},"timestamp":"2023-05-31 15:14:49","url":"/api/image/loadImage"}
{"body":[{"id":0},{"id":2}],"level":"info","message":"Passed","method":"POST","params":"","query":"","timestamp":"2023-05-31 15:14:53","url":"/api/image/updateImage"}
{"level":"info","message":"API running on Development","timestamp":"2023-05-31 15:15:33"}
{"level":"info","message":"API listening port 4507","timestamp":"2023-05-31 15:15:33"}
{"body":[{"id":0},{"id":2}],"level":"info","message":"Passed","method":"POST","params":"","query":"","timestamp":"2023-05-31 15:15:33","url":"/api/image/updateImage"}
{"level":"info","message":"API running on Development","timestamp":"2023-05-31 15:15:40"}
{"level":"info","message":"API listening port 4507","timestamp":"2023-05-31 15:15:40"}
{"body":"","level":"info","message":"Passed","method":"GET","params":{},"query":{},"timestamp":"2023-05-31 15:15:44","url":"/api/image/loadImage"}
{"body":"","level":"info","message":"Passed","method":"GET","params":{},"query":{},"timestamp":"2023-05-31 15:15:44","url":"/api/image/loadImage"}
{"body":"","level":"info","message":"Passed","method":"GET","params":{},"query":{},"timestamp":"2023-05-31 15:15:49","url":"/api/image/loadImage"}
{"body":"","level":"info","message":"Passed","method":"GET","params":{},"query":{},"timestamp":"2023-05-31 15:15:49","url":"/api/image/loadImage"}
{"body":[{"id":0},{"id":2}],"level":"info","message":"Passed","method":"POST","params":"","query":"","timestamp":"2023-05-31 15:16:01","url":"/api/image/updateImage"}
{"level":"info","message":"API running on Development","timestamp":"2023-05-31 15:16:31"}
{"level":"info","message":"API listening port 4507","timestamp":"2023-05-31 15:16:31"}
{"body":[{"id":0},{"id":2}],"level":"info","message":"Passed","method":"POST","params":"","query":"","timestamp":"2023-05-31 15:16:31","url":"/api/image/updateImage"}
{"level":"info","message":"API running on Development","timestamp":"2023-05-31 15:16:34"}
{"level":"info","message":"API listening port 4507","timestamp":"2023-05-31 15:16:34"}
{"body":"","level":"info","message":"Passed","method":"GET","params":{},"query":{},"timestamp":"2023-05-31 15:16:39","url":"/api/image/loadImage"}
{"body":"","level":"info","message":"Passed","method":"GET","params":{},"query":{},"timestamp":"2023-05-31 15:16:39","url":"/api/image/loadImage"}
{"body":[{"id":0},{"id":1}],"level":"info","message":"Passed","method":"POST","params":"","query":"","timestamp":"2023-05-31 15:16:41","url":"/api/image/updateImage"}
{"level":"info","message":"API running on Development","timestamp":"2023-05-31 15:17:10"}
{"level":"info","message":"API listening port 4507","timestamp":"2023-05-31 15:17:10"}
{"body":[{"id":0},{"id":1}],"level":"info","message":"Passed","method":"POST","params":"","query":"","timestamp":"2023-05-31 15:17:10","url":"/api/image/updateImage"}
{"level":"info","message":"API running on Development","timestamp":"2023-05-31 15:17:25"}
{"level":"info","message":"API listening port 4507","timestamp":"2023-05-31 15:17:25"}
{"body":[{"id":0},{"id":1}],"level":"info","message":"Passed","method":"POST","params":"","query":"","timestamp":"2023-05-31 15:17:27","url":"/api/image/updateImage"}
{"level":"info","message":"API running on Development","timestamp":"2023-05-31 15:18:14"}
{"level":"info","message":"API listening port 4507","timestamp":"2023-05-31 15:18:14"}
{"body":[{"id":0},{"id":1}],"level":"info","message":"Passed","method":"POST","params":"","query":"","timestamp":"2023-05-31 15:18:14","url":"/api/image/updateImage"}
{"level":"info","message":"API running on Development","timestamp":"2023-05-31 15:18:21"}
{"level":"info","message":"API listening port 4507","timestamp":"2023-05-31 15:18:21"}
{"body":[{"id":0},{"id":1}],"level":"info","message":"Passed","method":"POST","params":"","query":"","timestamp":"2023-05-31 15:18:23","url":"/api/image/updateImage"}
{"body":"","level":"info","message":"Passed","method":"GET","params":{},"query":{},"timestamp":"2023-05-31 15:18:27","url":"/api/image/loadImage"}
{"body":"","level":"info","message":"Passed","method":"GET","params":{},"query":{},"timestamp":"2023-05-31 15:18:27","url":"/api/image/loadImage"}
{"body":[{"id":1},{"id":2}],"level":"info","message":"Passed","method":"POST","params":"","query":"","timestamp":"2023-05-31 15:18:31","url":"/api/image/updateImage"}
{"body":"","level":"info","message":"Passed","method":"GET","params":{},"query":{},"timestamp":"2023-05-31 15:18:33","url":"/api/image/loadImage"}
{"body":"","level":"info","message":"Passed","method":"GET","params":{},"query":{},"timestamp":"2023-05-31 15:18:33","url":"/api/image/loadImage"}
{"body":[{"id":0},{"id":2}],"level":"info","message":"Passed","method":"POST","params":"","query":"","timestamp":"2023-05-31 15:18:36","url":"/api/image/updateImage"}
{"level":"info","message":"API running on Development","timestamp":"2023-05-31 15:19:15"}
{"level":"info","message":"API listening port 4507","timestamp":"2023-05-31 15:19:15"}
{"body":[{"id":0},{"id":2}],"level":"info","message":"Passed","method":"POST","params":"","query":"","timestamp":"2023-05-31 15:19:15","url":"/api/image/updateImage"}
{"level":"info","message":"API running on Development","timestamp":"2023-05-31 15:19:28"}
{"level":"info","message":"API listening port 4507","timestamp":"2023-05-31 15:19:28"}
{"level":"info","message":"API running on Development","timestamp":"2023-05-31 15:22:00"}
{"level":"info","message":"API listening port 4507","timestamp":"2023-05-31 15:22:00"}
{"level":"info","message":"API running on Development","timestamp":"2023-05-31 15:22:48"}
{"level":"info","message":"API listening port 4507","timestamp":"2023-05-31 15:22:48"}
{"body":"","level":"info","message":"Passed","method":"GET","params":{},"query":{},"timestamp":"2023-05-31 15:23:23","url":"/api/image/loadImage"}
{"body":"","level":"info","message":"Passed","method":"GET","params":{},"query":{},"timestamp":"2023-05-31 15:23:23","url":"/api/image/loadImage"}
{"body":[{"id":0},{"id":2}],"level":"info","message":"Passed","method":"POST","params":"","query":"","timestamp":"2023-05-31 15:23:27","url":"/api/image/updateImage"}
{"body":[{"id":2}],"level":"info","message":"Passed","method":"POST","params":"","query":"","timestamp":"2023-05-31 15:23:33","url":"/api/image/updateImage"}
{"body":[],"level":"info","message":"Passed","method":"POST","params":"","query":"","timestamp":"2023-05-31 15:23:36","url":"/api/image/updateImage"}
{"body":{},"level":"info","message":"Passed","method":"POST","params":"","query":"","timestamp":"2023-05-31 15:23:42","url":"/api/image/upLoad"}
{"body":{},"level":"info","message":"Passed","method":"POST","params":"","query":"","timestamp":"2023-05-31 15:23:45","url":"/api/image/upLoad"}
{"body":{},"level":"info","message":"Passed","method":"POST","params":"","query":"","timestamp":"2023-05-31 15:23:48","url":"/api/image/upLoad"}
{"body":{},"level":"info","message":"Passed","method":"POST","params":"","query":"","timestamp":"2023-05-31 15:23:51","url":"/api/image/upLoad"}
{"body":{},"level":"info","message":"Passed","method":"POST","params":"","query":"","timestamp":"2023-05-31 15:23:55","url":"/api/image/upLoad"}
{"body":{},"level":"info","message":"Passed","method":"POST","params":"","query":"","timestamp":"2023-05-31 15:23:58","url":"/api/image/upLoad"}
{"body":"","level":"info","message":"Passed","method":"GET","params":{},"query":{},"timestamp":"2023-05-31 15:27:03","url":"/api/image/loadImage"}
{"body":"","level":"info","message":"Passed","method":"GET","params":{},"query":{},"timestamp":"2023-05-31 15:27:03","url":"/api/image/loadImage"}
{"body":"","level":"info","message":"Passed","method":"GET","params":{},"query":{},"timestamp":"2023-05-31 15:36:41","url":"/api/image/loadImage"}
{"body":"","level":"info","message":"Passed","method":"GET","params":{},"query":{},"timestamp":"2023-05-31 15:36:41","url":"/api/image/loadImage"}
{"body":"","level":"info","message":"Passed","method":"GET","params":{},"query":{},"timestamp":"2023-05-31 15:41:31","url":"/api/image/loadImage"}
{"body":"","level":"info","message":"Passed","method":"GET","params":{},"query":{},"timestamp":"2023-05-31 15:41:31","url":"/api/image/loadImage"}
{"body":{},"level":"info","message":"Passed","method":"POST","params":"","query":"","timestamp":"2023-05-31 15:41:33","url":"/api/image/upLoad"}
{"body":"","level":"info","message":"Passed","method":"GET","params":{},"query":{},"timestamp":"2023-05-31 15:41:37","url":"/api/image/loadImage"}
{"body":"","level":"info","message":"Passed","method":"GET","params":{},"query":{},"timestamp":"2023-05-31 15:41:37","url":"/api/image/loadImage"}
{"level":"info","message":"API running on Development","timestamp":"2023-05-31 15:49:02"}
{"level":"info","message":"API listening port 4507","timestamp":"2023-05-31 15:49:02"}
{"body":"","level":"info","message":"Passed","method":"GET","params":{},"query":{},"timestamp":"2023-05-31 15:49:29","url":"/api/image/loadImage"}
{"body":"","level":"info","message":"Passed","method":"GET","params":{},"query":{},"timestamp":"2023-05-31 15:49:29","url":"/api/image/loadImage"}
{"body":{},"level":"info","message":"Passed","method":"POST","params":"","query":"","timestamp":"2023-05-31 15:49:39","url":"/api/image/upLoad"}
{"body":{},"level":"info","message":"Passed","method":"POST","params":"","query":"","timestamp":"2023-05-31 15:49:41","url":"/api/image/upLoad"}
{"body":{},"level":"info","message":"Passed","method":"POST","params":"","query":"","timestamp":"2023-05-31 15:49:44","url":"/api/image/upLoad"}
{"body":[{"id":0},{"id":2},{"id":3}],"level":"info","message":"Passed","method":"POST","params":"","query":"","timestamp":"2023-05-31 15:49:50","url":"/api/image/updateImage"}
{"body":"","level":"info","message":"Passed","method":"GET","params":{},"query":{},"timestamp":"2023-05-31 15:49:54","url":"/api/image/loadImage"}
{"body":"","level":"info","message":"Passed","method":"GET","params":{},"query":{},"timestamp":"2023-05-31 15:49:54","url":"/api/image/loadImage"}
{"body":[{"id":0},{"id":2}],"level":"info","message":"Passed","method":"POST","params":"","query":"","timestamp":"2023-05-31 15:50:00","url":"/api/image/updateImage"}
{"body":"","level":"info","message":"Passed","method":"GET","params":{},"query":{},"timestamp":"2023-05-31 15:50:01","url":"/api/image/loadImage"}
{"body":"","level":"info","message":"Passed","method":"GET","params":{},"query":{},"timestamp":"2023-05-31 15:50:01","url":"/api/image/loadImage"}
{"body":[{"id":1}],"level":"info","message":"Passed","method":"POST","params":"","query":"","timestamp":"2023-05-31 15:50:05","url":"/api/image/updateImage"}
{"body":"","level":"info","message":"Passed","method":"GET","params":{},"query":{},"timestamp":"2023-05-31 15:50:06","url":"/api/image/loadImage"}
{"body":"","level":"info","message":"Passed","method":"GET","params":{},"query":{},"timestamp":"2023-05-31 15:50:06","url":"/api/image/loadImage"}
{"body":"","level":"info","message":"Passed","method":"GET","params":{},"query":{},"timestamp":"2023-05-31 15:50:08","url":"/api/image/loadImage"}
{"body":"","level":"info","message":"Passed","method":"GET","params":{},"query":{},"timestamp":"2023-05-31 15:50:08","url":"/api/image/loadImage"}
{"body":"","level":"info","message":"Passed","method":"GET","params":{},"query":{},"timestamp":"2023-05-31 15:50:15","url":"/api/image/loadImage"}
{"body":"","level":"info","message":"Passed","method":"GET","params":{},"query":{},"timestamp":"2023-05-31 15:50:15","url":"/api/image/loadImage"}
{"body":{},"level":"info","message":"Passed","method":"POST","params":"","query":"","timestamp":"2023-05-31 15:50:22","url":"/api/image/upLoad"}
{"body":{},"level":"info","message":"Passed","method":"POST","params":"","query":"","timestamp":"2023-05-31 15:50:24","url":"/api/image/upLoad"}
{"body":{},"level":"info","message":"Passed","method":"POST","params":"","query":"","timestamp":"2023-05-31 15:50:27","url":"/api/image/upLoad"}
{"body":[{"id":0},{"id":1},{"id":2}],"level":"info","message":"Passed","method":"POST","params":"","query":"","timestamp":"2023-05-31 15:50:28","url":"/api/image/updateImage"}
{"body":[{"id":0},{"id":2}],"level":"info","message":"Passed","method":"POST","params":"","query":"","timestamp":"2023-05-31 15:50:40","url":"/api/image/updateImage"}
{"body":[{"id":2}],"level":"info","message":"Passed","method":"POST","params":"","query":"","timestamp":"2023-05-31 15:50:45","url":"/api/image/updateImage"}
{"body":[],"level":"info","message":"Passed","method":"POST","params":"","query":"","timestamp":"2023-05-31 15:50:48","url":"/api/image/updateImage"}
{"body":{},"level":"info","message":"Passed","method":"POST","params":"","query":"","timestamp":"2023-05-31 15:50:51","url":"/api/image/upLoad"}
{"body":[{"id":0}],"level":"info","message":"Passed","method":"POST","params":"","query":"","timestamp":"2023-05-31 15:50:52","url":"/api/image/updateImage"}
{"body":{},"level":"info","message":"Passed","method":"POST","params":"","query":"","timestamp":"2023-05-31 15:50:56","url":"/api/image/upLoad"}
{"body":{},"level":"info","message":"Passed","method":"POST","params":"","query":"","timestamp":"2023-05-31 15:50:58","url":"/api/image/upLoad"}
{"body":{},"level":"info","message":"Passed","method":"POST","params":"","query":"","timestamp":"2023-05-31 15:51:00","url":"/api/image/upLoad"}
{"body":{},"level":"info","message":"Passed","method":"POST","params":"","query":"","timestamp":"2023-05-31 15:51:02","url":"/api/image/upLoad"}
{"body":{},"level":"info","message":"Passed","method":"POST","params":"","query":"","timestamp":"2023-05-31 15:51:04","url":"/api/image/upLoad"}
{"body":{},"level":"info","message":"Passed","method":"POST","params":"","query":"","timestamp":"2023-05-31 15:51:06","url":"/api/image/upLoad"}
{"body":{},"level":"info","message":"Passed","method":"POST","params":"","query":"","timestamp":"2023-05-31 15:51:08","url":"/api/image/upLoad"}
{"body":[{"id":0},{"id":3},{"id":4},{"id":5},{"id":6},{"id":7}],"level":"info","message":"Passed","method":"POST","params":"","query":"","timestamp":"2023-05-31 15:51:15","url":"/api/image/updateImage"}
{"body":[{"id":4},{"id":5},{"id":6},{"id":7}],"level":"info","message":"Passed","method":"POST","params":"","query":"","timestamp":"2023-05-31 15:51:32","url":"/api/image/updateImage"}
{"body":"","level":"info","message":"Passed","method":"GET","params":{},"query":{},"timestamp":"2023-05-31 15:51:32","url":"/api/image/loadImage"}
{"body":"","level":"info","message":"Passed","method":"GET","params":{},"query":{},"timestamp":"2023-05-31 15:51:32","url":"/api/image/loadImage"}
{"body":[{"id":0},{"id":2},{"id":3}],"level":"info","message":"Passed","method":"POST","params":"","query":"","timestamp":"2023-05-31 15:51:38","url":"/api/image/updateImage"}
{"body":"","level":"info","message":"Passed","method":"GET","params":{},"query":{},"timestamp":"2023-05-31 15:51:42","url":"/api/image/loadImage"}
{"body":"","level":"info","message":"Passed","method":"GET","params":{},"query":{},"timestamp":"2023-05-31 15:51:42","url":"/api/image/loadImage"}
{"level":"info","message":"API running on Development","timestamp":"2023-05-31 15:53:04"}
{"level":"info","message":"API listening port 4507","timestamp":"2023-05-31 15:53:04"}
{"body":"","level":"info","message":"Passed","method":"GET","params":{},"query":{},"timestamp":"2023-05-31 15:53:06","url":"/api/image/loadImage"}
{"body":"","level":"info","message":"Passed","method":"GET","params":{},"query":{},"timestamp":"2023-05-31 15:53:06","url":"/api/image/loadImage"}
{"body":{},"level":"info","message":"Passed","method":"POST","params":"","query":"","timestamp":"2023-05-31 15:53:08","url":"/api/image/upLoad"}
{"body":{},"level":"info","message":"Passed","method":"POST","params":"","query":"","timestamp":"2023-05-31 15:53:09","url":"/api/image/upLoad"}
{"body":"","level":"info","message":"Passed","method":"GET","params":{},"query":{},"timestamp":"2023-05-31 15:57:41","url":"/api/image/loadImage"}
{"body":"","level":"info","message":"Passed","method":"GET","params":{},"query":{},"timestamp":"2023-05-31 15:57:41","url":"/api/image/loadImage"}
{"body":[],"level":"info","message":"Passed","method":"POST","params":"","query":"","timestamp":"2023-05-31 15:57:45","url":"/api/image/updateImage"}
{"body":"","level":"info","message":"Passed","method":"GET","params":{},"query":{},"timestamp":"2023-05-31 15:57:53","url":"/api/image/loadImage"}
{"body":"","level":"info","message":"Passed","method":"GET","params":{},"query":{},"timestamp":"2023-05-31 15:57:53","url":"/api/image/loadImage"}
{"body":{},"level":"info","message":"Passed","method":"POST","params":"","query":"","timestamp":"2023-05-31 15:57:55","url":"/api/image/upLoad"}
{"body":{},"level":"info","message":"Passed","method":"POST","params":"","query":"","timestamp":"2023-05-31 15:57:56","url":"/api/image/upLoad"}
{"body":{},"level":"info","message":"Passed","method":"POST","params":"","query":"","timestamp":"2023-05-31 15:57:59","url":"/api/image/upLoad"}
{"body":{},"level":"info","message":"Passed","method":"POST","params":"","query":"","timestamp":"2023-05-31 15:58:01","url":"/api/image/upLoad"}
{"body":{},"level":"info","message":"Passed","method":"POST","params":"","query":"","timestamp":"2023-05-31 15:58:04","url":"/api/image/upLoad"}
{"body":{},"level":"info","message":"Passed","method":"POST","params":"","query":"","timestamp":"2023-05-31 15:58:07","url":"/api/image/upLoad"}
{"body":{},"level":"info","message":"Passed","method":"POST","params":"","query":"","timestamp":"2023-05-31 15:58:09","url":"/api/image/upLoad"}
{"body":{},"level":"info","message":"Passed","method":"POST","params":"","query":"","timestamp":"2023-05-31 15:58:11","url":"/api/image/upLoad"}
{"body":"","level":"info","message":"Passed","method":"GET","params":{},"query":{},"timestamp":"2023-05-31 15:58:59","url":"/api/image/loadImage"}
{"body":"","level":"info","message":"Passed","method":"GET","params":{},"query":{},"timestamp":"2023-05-31 15:58:59","url":"/api/image/loadImage"}
{"body":[{"id":1},{"id":2},{"id":3},{"id":4},{"id":5},{"id":6},{"id":7}],"level":"info","message":"Passed","method":"POST","params":"","query":"","timestamp":"2023-05-31 15:59:19","url":"/api/image/updateImage"}
{"body":[{"id":1},{"id":2},{"id":5},{"id":6},{"id":7}],"level":"info","message":"Passed","method":"POST","params":"","query":"","timestamp":"2023-05-31 15:59:30","url":"/api/image/updateImage"}
{"body":[{"id":1},{"id":2},{"id":7}],"level":"info","message":"Passed","method":"POST","params":"","query":"","timestamp":"2023-05-31 15:59:36","url":"/api/image/updateImage"}
{"body":[{"id":1},{"id":7}],"level":"info","message":"Passed","method":"POST","params":"","query":"","timestamp":"2023-05-31 15:59:41","url":"/api/image/updateImage"}
{"body":[{"id":7}],"level":"info","message":"Passed","method":"POST","params":"","query":"","timestamp":"2023-05-31 15:59:44","url":"/api/image/updateImage"}
{"body":[],"level":"info","message":"Passed","method":"POST","params":"","query":"","timestamp":"2023-05-31 15:59:47","url":"/api/image/updateImage"}
{"body":"","level":"info","message":"Passed","method":"GET","params":{},"query":{},"timestamp":"2023-05-31 16:00:16","url":"/api/image/loadImage"}
{"body":"","level":"info","message":"Passed","method":"GET","params":{},"query":{},"timestamp":"2023-05-31 16:00:16","url":"/api/image/loadImage"}
{"body":{},"level":"info","message":"Passed","method":"POST","params":"","query":"","timestamp":"2023-05-31 16:00:18","url":"/api/image/upLoad"}
{"body":[],"level":"info","message":"Passed","method":"POST","params":"","query":"","timestamp":"2023-05-31 16:00:40","url":"/api/image/updateImage"}
{"body":"","level":"info","message":"Passed","method":"GET","params":{},"query":{},"timestamp":"2023-05-31 16:00:41","url":"/api/image/loadImage"}
{"body":"","level":"info","message":"Passed","method":"GET","params":{},"query":{},"timestamp":"2023-05-31 16:00:41","url":"/api/image/loadImage"}
{"body":{},"level":"info","message":"Passed","method":"POST","params":"","query":"","timestamp":"2023-05-31 16:00:45","url":"/api/image/upLoad"}
{"body":"","level":"info","message":"Passed","method":"GET","params":{},"query":{},"timestamp":"2023-05-31 16:00:46","url":"/api/image/loadImage"}
{"body":"","level":"info","message":"Passed","method":"GET","params":{},"query":{},"timestamp":"2023-05-31 16:00:46","url":"/api/image/loadImage"}
{"body":[],"level":"info","message":"Passed","method":"POST","params":"","query":"","timestamp":"2023-05-31 16:00:49","url":"/api/image/updateImage"}
{"body":"","level":"info","message":"Passed","method":"GET","params":{},"query":{},"timestamp":"2023-05-31 16:04:13","url":"/api/image/loadImage"}
{"body":"","level":"info","message":"Passed","method":"GET","params":{},"query":{},"timestamp":"2023-05-31 16:04:13","url":"/api/image/loadImage"}
